[2020-12-14 21:11:30] [INFO] >> run_case.py >> 第17行 - run_case - 登录账户获取touken 
[2020-12-14 21:11:31] [INFO] >> Test_case.py >> 第35行 - Test_case - 新增数据——录入出单流程 
[2020-12-14 21:11:31] [INFO] >> Interface_quote.py >> 第22行 - 新增报价 - 京AC1122发起续保 
[2020-12-14 21:11:31] [INFO] >> Interface_quote.py >> 第41行 - 新增报价 - 获取续保响应结果 
[2020-12-14 21:11:31] [INFO] >> Interface_quote.py >> 第44行 - 新增报价 - 新增车牌成功 
[2020-12-14 21:11:31] [INFO] >> CustomerList.py >> 第27行 - CustomerList - 获取京AC1122查询结果 
[2020-12-14 21:11:31] [INFO] >> CustomerList.py >> 第31行 - CustomerList - 客户列表查询车牌通过 
[2020-12-14 21:11:31] [INFO] >> CustomerList.py >> 第46行 - CustomerList - 根据buid录入出单，默认录入人保 
[2020-12-14 21:11:31] [INFO] >> CustomerList.py >> 第49行 - CustomerList - 客户列表查询京AC1122是否存在 
[2020-12-14 21:11:31] [INFO] >> CustomerList.py >> 第27行 - CustomerList - 获取京AC1122查询结果 
[2020-12-14 21:11:31] [INFO] >> CustomerList.py >> 第31行 - CustomerList - 客户列表查询车牌通过 
[2020-12-14 21:11:31] [INFO] >> CustomerList.py >> 第54行 - CustomerList - 查询结果拿第一个buid 
[2020-12-14 21:11:31] [INFO] >> CustomerList.py >> 第63行 - CustomerList - 发起录入出单请求 
[2020-12-14 21:11:31] [INFO] >> CustomerList.py >> 第82行 - CustomerList - 本年度已出过保单,提交覆盖 
[2020-12-14 21:11:31] [INFO] >> CustomerList.py >> 第96行 - CustomerList - 获取响应message校验是否出单成功 
[2020-12-14 21:11:32] [INFO] >> CustomerList.py >> 第102行 - CustomerList - 出单成功，校验buid[600976286]是否一致 
[2020-12-14 21:11:32] [INFO] >> CustomerList.py >> 第105行 - CustomerList - 校验出单状态、录入保司、金额是否一致 
[2020-12-14 21:11:32] [INFO] >> CustomerList.py >> 第108行 - CustomerList - 出单成功 
[2020-12-14 21:11:32] [INFO] >> chudanzhanbai.py >> 第21行 - 出单战败查询 - 出单列表查询 
[2020-12-14 21:11:32] [INFO] >> chudanzhanbai.py >> 第32行 - 出单战败查询 - 出单列表查询通过 
[2020-12-14 21:11:32] [INFO] >> Test_case.py >> 第49行 - Test_case - 顶级账户计划回访数据量对比，使用账号：jiao 
[2020-12-14 21:11:32] [INFO] >> CustomerList.py >> 第363行 - CustomerList - 获取接口返回的计划回访数量 
[2020-12-14 21:11:33] [INFO] >> CustomerList.py >> 第375行 - CustomerList - 列表形式返回计划回访数量：[0, 336, 305, 278, 234, 37, 76, 133, 88] 
[2020-12-14 21:11:33] [INFO] >> CustomerList.py >> 第383行 - CustomerList - 循环获取计划回访每个TAB页的数据 
[2020-12-14 21:11:33] [INFO] >> CustomerList.py >> 第383行 - CustomerList - 循环获取计划回访每个TAB页的数据 
[2020-12-14 21:11:34] [INFO] >> CustomerList.py >> 第383行 - CustomerList - 循环获取计划回访每个TAB页的数据 
[2020-12-14 21:11:36] [INFO] >> CustomerList.py >> 第383行 - CustomerList - 循环获取计划回访每个TAB页的数据 
[2020-12-14 21:11:36] [INFO] >> CustomerList.py >> 第383行 - CustomerList - 循环获取计划回访每个TAB页的数据 
[2020-12-14 21:11:36] [INFO] >> CustomerList.py >> 第383行 - CustomerList - 循环获取计划回访每个TAB页的数据 
[2020-12-14 21:11:37] [INFO] >> CustomerList.py >> 第383行 - CustomerList - 循环获取计划回访每个TAB页的数据 
[2020-12-14 21:11:37] [INFO] >> CustomerList.py >> 第383行 - CustomerList - 循环获取计划回访每个TAB页的数据 
[2020-12-14 21:11:37] [INFO] >> CustomerList.py >> 第383行 - CustomerList - 循环获取计划回访每个TAB页的数据 
[2020-12-14 21:11:38] [INFO] >> Test_case.py >> 第72行 - Test_case - 校验报价成功的数据是否有报价历史 
[2020-12-14 21:11:38] [INFO] >> CustomerList.py >> 第394行 - CustomerList - 筛选报价成功数据 
[2020-12-14 21:11:38] [INFO] >> CustomerList.py >> 第401行 - CustomerList - 返回筛选结果 
[2020-12-14 21:11:38] [INFO] >> CustomerList.py >> 第409行 - CustomerList - 获取报价历史 
[2020-12-14 21:11:38] [INFO] >> CustomerList.py >> 第414行 - CustomerList - 返回报价历史结果 
[2020-12-14 21:11:38] [INFO] >> Test_case.py >> 第82行 - Test_case - 校验切换报价历史是否成功 
[2020-12-14 21:11:38] [INFO] >> CustomerList.py >> 第394行 - CustomerList - 筛选报价成功数据 
[2020-12-14 21:11:38] [INFO] >> CustomerList.py >> 第401行 - CustomerList - 返回筛选结果 
[2020-12-14 21:11:38] [INFO] >> CustomerList.py >> 第409行 - CustomerList - 获取报价历史 
[2020-12-14 21:11:38] [INFO] >> CustomerList.py >> 第414行 - CustomerList - 返回报价历史结果 
[2020-12-14 21:11:38] [INFO] >> CustomerList.py >> 第422行 - CustomerList - 根据报价历史id切换报价历史 
[2020-12-14 21:11:39] [INFO] >> CustomerList.py >> 第427行 - CustomerList - 报价历史已切换 
[2020-12-14 21:11:39] [INFO] >> Test_case.py >> 第102行 - Test_case - 下级账户计划回访数据量对比,使用账号：18612938273 
[2020-12-14 21:11:39] [INFO] >> CustomerList.py >> 第363行 - CustomerList - 获取接口返回的计划回访数量 
[2020-12-14 21:11:39] [INFO] >> CustomerList.py >> 第375行 - CustomerList - 列表形式返回计划回访数量：[0, 33, 57, 8, 35, 3, 19, 35, 26] 
[2020-12-14 21:11:39] [INFO] >> CustomerList.py >> 第383行 - CustomerList - 循环获取计划回访每个TAB页的数据 
[2020-12-14 21:11:39] [INFO] >> CustomerList.py >> 第383行 - CustomerList - 循环获取计划回访每个TAB页的数据 
[2020-12-14 21:11:39] [INFO] >> CustomerList.py >> 第383行 - CustomerList - 循环获取计划回访每个TAB页的数据 
[2020-12-14 21:11:39] [INFO] >> CustomerList.py >> 第383行 - CustomerList - 循环获取计划回访每个TAB页的数据 
[2020-12-14 21:11:39] [INFO] >> CustomerList.py >> 第383行 - CustomerList - 循环获取计划回访每个TAB页的数据 
[2020-12-14 21:11:40] [INFO] >> CustomerList.py >> 第383行 - CustomerList - 循环获取计划回访每个TAB页的数据 
[2020-12-14 21:11:40] [INFO] >> CustomerList.py >> 第383行 - CustomerList - 循环获取计划回访每个TAB页的数据 
[2020-12-14 21:11:40] [INFO] >> CustomerList.py >> 第383行 - CustomerList - 循环获取计划回访每个TAB页的数据 
[2020-12-14 21:11:40] [INFO] >> CustomerList.py >> 第383行 - CustomerList - 循环获取计划回访每个TAB页的数据 
[2020-12-14 21:11:40] [INFO] >> Test_case.py >> 第125行 - Test_case - 客户列表分配，使用账号wanyuanhao,分配人：17501110001 
[2020-12-14 21:11:40] [INFO] >> Test_case.py >> 第126行 - Test_case - 执行分配用例 
[2020-12-14 21:11:40] [INFO] >> CustomerList.py >> 第248行 - CustomerList - 客户列表分配 
[2020-12-14 21:11:40] [INFO] >> CustomerList.py >> 第255行 - CustomerList - 获取客户列表全部客户的数据 
[2020-12-14 21:11:40] [INFO] >> CustomerList.py >> 第261行 - CustomerList - 拿到前4个buid 
[2020-12-14 21:11:40] [INFO] >> CustomerList.py >> 第273行 - CustomerList - 分配数据[[600976286, 600331548, 600310577, 600922288]]给ID为(287523)的用户 
[2020-12-14 21:11:41] [INFO] >> CustomerList.py >> 第283行 - CustomerList - 校验分配人员是否匹配 
[2020-12-14 21:11:41] [INFO] >> CustomerList.py >> 第434行 - CustomerList - 获取全部客户数据 
[2020-12-14 21:11:41] [INFO] >> CustomerList.py >> 第128行 - CustomerList - 录入战败 
[2020-12-14 21:11:41] [INFO] >> CustomerList.py >> 第130行 - CustomerList - 客户列表查询京AC1122是否存在 
[2020-12-14 21:11:41] [INFO] >> CustomerList.py >> 第27行 - CustomerList - 获取京AC1122查询结果 
[2020-12-14 21:11:41] [INFO] >> CustomerList.py >> 第31行 - CustomerList - 客户列表查询车牌通过 
[2020-12-14 21:11:41] [INFO] >> CustomerList.py >> 第133行 - CustomerList - 校验查询结果是否为真 
[2020-12-14 21:11:41] [INFO] >> CustomerList.py >> 第177行 - CustomerList - 录入战败通过 
[2020-12-14 21:11:41] [INFO] >> chudanzhanbai.py >> 第46行 - 出单战败查询 - 战败列表查询 
[2020-12-14 21:11:42] [INFO] >> chudanzhanbai.py >> 第57行 - 出单战败查询 - 战败列表查询通过 
[2020-12-14 21:11:42] [INFO] >> CustomerList.py >> 第434行 - CustomerList - 获取全部客户数据 
[2020-12-14 21:11:42] [INFO] >> run_case.py >> 第34行 - run_case - 发送邮件 
