[2020-12-14 13:18:22] [INFO] >> Log.py >> 第33行 - None - 1111 
[2020-12-14 13:19:09] [INFO] >> Log.py >> 第33行 - None - 1111 
[2020-12-14 13:21:34] [INFO] >> Log.py >> 第33行 - None - 1111 
[2020-12-14 13:26:45] [INFO] >> Log.py >> 第33行 - None - 1111 
[2020-12-14 13:28:03] [INFO] >> tiaoshi.py >> 第12行 - None - 1111 
[2020-12-14 13:32:55] [INFO] >> tiaoshi.py >> 第12行 - None - 1111 
[2020-12-14 13:33:25] [INFO] >> tiaoshi.py >> 第12行 - None - 自行车 
[2020-12-14 13:33:33] [INFO] >> Log.py >> 第33行 - None - 自行车 
[2020-12-14 13:36:12] [INFO] >> tiaoshi.py >> 第12行 - None - 自行车 
[2020-12-14 13:37:48] [INFO] >> tiaoshi.py >> 第9行 - None - 这是一个info 
[2020-12-14 13:40:25] [INFO] >> run_case.py >> 第17行 - run_case - 登录账户获取touken 
[2020-12-14 13:40:26] [INFO] >> run_case.py >> 第22行 - run_case - 生成测试报告 
[2020-12-14 13:40:26] [INFO] >> Test_case.py >> 第35行 - Test_case - 新增数据——录入出单流程 
[2020-12-14 13:40:26] [INFO] >> Test_case.py >> 第38行 - Test_case - 客户列表查询车牌是否在客户列表 
[2020-12-14 13:40:26] [INFO] >> kehuliebiao.py >> 第21行 - kehuliebiao - 根据车牌查询是否已在客户列表 
[2020-12-14 13:40:27] [INFO] >> kehuliebiao.py >> 第31行 - kehuliebiao - 客户列表查询车牌通过 
[2020-12-14 13:40:27] [INFO] >> kehuliebiao.py >> 第46行 - kehuliebiao - 根据buid录入出单，source默认录入人保 
[2020-12-14 13:40:27] [INFO] >> kehuliebiao.py >> 第21行 - kehuliebiao - 根据车牌查询是否已在客户列表 
[2020-12-14 13:40:30] [INFO] >> kehuliebiao.py >> 第31行 - kehuliebiao - 客户列表查询车牌通过 
[2020-12-14 13:40:30] [INFO] >> kehuliebiao.py >> 第52行 - kehuliebiao - 拿第一buid 
[2020-12-14 13:40:30] [INFO] >> kehuliebiao.py >> 第61行 - kehuliebiao - 发起录入出单请求 
[2020-12-14 13:40:30] [INFO] >> kehuliebiao.py >> 第80行 - kehuliebiao - 本年度已出过保单 
[2020-12-14 13:40:30] [INFO] >> kehuliebiao.py >> 第99行 - kehuliebiao - 出单成功 
[2020-12-14 13:40:30] [INFO] >> Test_case.py >> 第50行 - Test_case - 顶级账户计划回访数据量对比，使用账号：jiao 
[2020-12-14 13:40:30] [INFO] >> kehuliebiao.py >> 第353行 - kehuliebiao - 获取接口返回的计划回访数量 
[2020-12-14 13:40:31] [INFO] >> kehuliebiao.py >> 第365行 - kehuliebiao - 返回计划回访数量：[321, 328, 242, 180, 159, 23, 74, 25, 72] 
[2020-12-14 13:40:31] [INFO] >> kehuliebiao.py >> 第373行 - kehuliebiao - 循环获取计划回访数据 
[2020-12-14 13:40:31] [INFO] >> kehuliebiao.py >> 第373行 - kehuliebiao - 循环获取计划回访数据 
[2020-12-14 13:40:32] [INFO] >> kehuliebiao.py >> 第373行 - kehuliebiao - 循环获取计划回访数据 
[2020-12-14 13:40:33] [INFO] >> kehuliebiao.py >> 第373行 - kehuliebiao - 循环获取计划回访数据 
[2020-12-14 13:40:33] [INFO] >> kehuliebiao.py >> 第373行 - kehuliebiao - 循环获取计划回访数据 
[2020-12-14 13:40:34] [INFO] >> kehuliebiao.py >> 第373行 - kehuliebiao - 循环获取计划回访数据 
[2020-12-14 13:40:34] [INFO] >> kehuliebiao.py >> 第373行 - kehuliebiao - 循环获取计划回访数据 
[2020-12-14 13:40:34] [INFO] >> kehuliebiao.py >> 第373行 - kehuliebiao - 循环获取计划回访数据 
[2020-12-14 13:40:35] [INFO] >> kehuliebiao.py >> 第373行 - kehuliebiao - 循环获取计划回访数据 
[2020-12-14 13:40:35] [INFO] >> Test_case.py >> 第73行 - Test_case - 校验报价成功的数据是否有报价历史 
[2020-12-14 13:40:35] [INFO] >> kehuliebiao.py >> 第384行 - kehuliebiao - 筛选报价成功数据 
[2020-12-14 13:40:35] [INFO] >> kehuliebiao.py >> 第391行 - kehuliebiao - 返回筛选结果 
[2020-12-14 13:40:35] [INFO] >> kehuliebiao.py >> 第399行 - kehuliebiao - 获取报价历史 
[2020-12-14 13:40:35] [INFO] >> kehuliebiao.py >> 第404行 - kehuliebiao - 返回报价历史结果 
[2020-12-14 13:40:35] [INFO] >> Test_case.py >> 第83行 - Test_case - 校验切换报价历史是否成功 
[2020-12-14 13:40:35] [INFO] >> kehuliebiao.py >> 第384行 - kehuliebiao - 筛选报价成功数据 
[2020-12-14 13:40:36] [INFO] >> kehuliebiao.py >> 第391行 - kehuliebiao - 返回筛选结果 
[2020-12-14 13:40:36] [INFO] >> kehuliebiao.py >> 第399行 - kehuliebiao - 获取报价历史 
[2020-12-14 13:40:36] [INFO] >> kehuliebiao.py >> 第404行 - kehuliebiao - 返回报价历史结果 
[2020-12-14 13:40:36] [INFO] >> kehuliebiao.py >> 第412行 - kehuliebiao - 根据报价历史id切换报价历史 
[2020-12-14 13:40:36] [INFO] >> kehuliebiao.py >> 第417行 - kehuliebiao - 报价历史已切换 
[2020-12-14 13:40:36] [INFO] >> Test_case.py >> 第103行 - Test_case - 下级账户计划回访数据量对比,使用账号：18612938273 
[2020-12-14 13:40:36] [INFO] >> kehuliebiao.py >> 第353行 - kehuliebiao - 获取接口返回的计划回访数量 
[2020-12-14 13:40:36] [INFO] >> kehuliebiao.py >> 第365行 - kehuliebiao - 返回计划回访数量：[53, 33, 52, 2, 27, 3, 18, 3, 21] 
[2020-12-14 13:40:36] [INFO] >> kehuliebiao.py >> 第373行 - kehuliebiao - 循环获取计划回访数据 
[2020-12-14 13:40:36] [INFO] >> kehuliebiao.py >> 第373行 - kehuliebiao - 循环获取计划回访数据 
[2020-12-14 13:40:37] [INFO] >> kehuliebiao.py >> 第373行 - kehuliebiao - 循环获取计划回访数据 
[2020-12-14 13:40:37] [INFO] >> kehuliebiao.py >> 第373行 - kehuliebiao - 循环获取计划回访数据 
[2020-12-14 13:40:37] [INFO] >> kehuliebiao.py >> 第373行 - kehuliebiao - 循环获取计划回访数据 
[2020-12-14 13:40:37] [INFO] >> kehuliebiao.py >> 第373行 - kehuliebiao - 循环获取计划回访数据 
[2020-12-14 13:40:37] [INFO] >> kehuliebiao.py >> 第373行 - kehuliebiao - 循环获取计划回访数据 
[2020-12-14 13:40:37] [INFO] >> kehuliebiao.py >> 第373行 - kehuliebiao - 循环获取计划回访数据 
[2020-12-14 13:40:38] [INFO] >> kehuliebiao.py >> 第373行 - kehuliebiao - 循环获取计划回访数据 
[2020-12-14 13:40:38] [INFO] >> Test_case.py >> 第126行 - Test_case - 客户列表分配，使用账号wanyuanhao,分配人：17501110001 
[2020-12-14 13:40:38] [INFO] >> Test_case.py >> 第127行 - Test_case - 执行分配用例 
[2020-12-14 13:40:38] [INFO] >> kehuliebiao.py >> 第241行 - kehuliebiao - 客户列表分配 
[2020-12-14 13:40:39] [INFO] >> run_case.py >> 第35行 - run_case - 发送邮件 
[2020-12-14 13:45:29] [ERROR] >> tiaoshi.py >> 第9行 - None - 这是一个info 
