[2020-12-16 13:33:50] [INFO] >> run_case.py >> 第17行  - 登录账户获取touken 
[2020-12-16 13:33:51] [INFO] >> Test_case.py >> 第35行  - 新增数据——录入出单流程 
[2020-12-16 13:33:51] [INFO] >> Interface_quote.py >> 第22行  - 京AC1122发起续保 
[2020-12-16 13:33:51] [INFO] >> Interface_quote.py >> 第41行  - 获取续保响应结果 
[2020-12-16 13:33:51] [INFO] >> Interface_quote.py >> 第44行  - 新增车牌成功 
[2020-12-16 13:33:51] [INFO] >> CustomerList.py >> 第27行  - 获取京AC1122查询结果 
[2020-12-16 13:33:51] [INFO] >> CustomerList.py >> 第31行  - 客户列表查询车牌通过 
[2020-12-16 13:33:51] [INFO] >> CustomerList.py >> 第46行  - 根据buid录入出单，默认录入人保 
[2020-12-16 13:33:51] [INFO] >> CustomerList.py >> 第49行  - 客户列表查询京AC1122是否存在 
[2020-12-16 13:33:51] [INFO] >> CustomerList.py >> 第27行  - 获取京AC1122查询结果 
[2020-12-16 13:33:51] [INFO] >> CustomerList.py >> 第31行  - 客户列表查询车牌通过 
[2020-12-16 13:33:51] [INFO] >> CustomerList.py >> 第54行  - 查询结果拿第一个buid 
[2020-12-16 13:33:51] [INFO] >> CustomerList.py >> 第63行  - 发起录入出单请求 
[2020-12-16 13:33:52] [INFO] >> CustomerList.py >> 第82行  - 本年度已出过保单,提交覆盖 
[2020-12-16 13:33:52] [INFO] >> CustomerList.py >> 第96行  - 获取响应message校验是否出单成功 
[2020-12-16 13:33:52] [INFO] >> CustomerList.py >> 第102行  - 出单成功，校验buid[600976286]是否一致 
[2020-12-16 13:33:52] [INFO] >> CustomerList.py >> 第105行  - 校验出单状态、录入保司、金额是否一致 
[2020-12-16 13:33:52] [INFO] >> CustomerList.py >> 第108行  - 出单成功 
[2020-12-16 13:33:52] [INFO] >> chudanzhanbai.py >> 第21行  - 出单列表查询 
[2020-12-16 13:33:52] [INFO] >> chudanzhanbai.py >> 第32行  - 出单列表查询通过 
[2020-12-16 13:33:52] [INFO] >> Test_case.py >> 第49行  - 顶级账户计划回访数据量对比，使用账号：jiao 
[2020-12-16 13:33:52] [INFO] >> CustomerList.py >> 第363行  - 获取接口返回的计划回访数量 
[2020-12-16 13:33:52] [INFO] >> CustomerList.py >> 第375行  - 列表形式返回计划回访数量：[188, 311, 334, 87, 95, 177, 131, 77, 75] 
[2020-12-16 13:33:52] [INFO] >> CustomerList.py >> 第383行  - 循环获取计划回访每个TAB页的数据 
[2020-12-16 13:33:53] [INFO] >> CustomerList.py >> 第383行  - 循环获取计划回访每个TAB页的数据 
[2020-12-16 13:33:53] [INFO] >> CustomerList.py >> 第383行  - 循环获取计划回访每个TAB页的数据 
[2020-12-16 13:33:54] [INFO] >> CustomerList.py >> 第383行  - 循环获取计划回访每个TAB页的数据 
[2020-12-16 13:33:54] [INFO] >> CustomerList.py >> 第383行  - 循环获取计划回访每个TAB页的数据 
[2020-12-16 13:33:55] [INFO] >> CustomerList.py >> 第383行  - 循环获取计划回访每个TAB页的数据 
[2020-12-16 13:33:56] [INFO] >> CustomerList.py >> 第383行  - 循环获取计划回访每个TAB页的数据 
[2020-12-16 13:33:56] [INFO] >> CustomerList.py >> 第383行  - 循环获取计划回访每个TAB页的数据 
[2020-12-16 13:33:56] [INFO] >> CustomerList.py >> 第383行  - 循环获取计划回访每个TAB页的数据 
[2020-12-16 13:33:57] [INFO] >> Test_case.py >> 第72行  - 校验报价成功的数据是否有报价历史 
[2020-12-16 13:33:57] [INFO] >> CustomerList.py >> 第394行  - 筛选报价成功数据 
[2020-12-16 13:33:57] [INFO] >> CustomerList.py >> 第401行  - 返回筛选结果 
[2020-12-16 13:33:57] [INFO] >> CustomerList.py >> 第409行  - 获取报价历史 
[2020-12-16 13:33:57] [INFO] >> CustomerList.py >> 第414行  - 返回报价历史结果 
[2020-12-16 13:33:57] [INFO] >> Test_case.py >> 第82行  - 校验切换报价历史是否成功 
[2020-12-16 13:33:57] [INFO] >> CustomerList.py >> 第394行  - 筛选报价成功数据 
[2020-12-16 13:33:57] [INFO] >> CustomerList.py >> 第401行  - 返回筛选结果 
[2020-12-16 13:33:57] [INFO] >> CustomerList.py >> 第409行  - 获取报价历史 
[2020-12-16 13:33:57] [INFO] >> CustomerList.py >> 第414行  - 返回报价历史结果 
[2020-12-16 13:33:57] [INFO] >> CustomerList.py >> 第422行  - 根据报价历史id切换报价历史 
[2020-12-16 13:33:57] [INFO] >> CustomerList.py >> 第427行  - 报价历史已切换 
[2020-12-16 13:33:57] [INFO] >> Test_case.py >> 第102行  - 下级账户计划回访数据量对比,使用账号：18612938273 
[2020-12-16 13:33:58] [INFO] >> CustomerList.py >> 第363行  - 获取接口返回的计划回访数量 
[2020-12-16 13:33:58] [INFO] >> CustomerList.py >> 第375行  - 列表形式返回计划回访数量：[19, 8, 42, 10, 20, 45, 38, 28, 29] 
[2020-12-16 13:33:58] [INFO] >> CustomerList.py >> 第383行  - 循环获取计划回访每个TAB页的数据 
[2020-12-16 13:33:58] [INFO] >> CustomerList.py >> 第383行  - 循环获取计划回访每个TAB页的数据 
[2020-12-16 13:33:58] [INFO] >> CustomerList.py >> 第383行  - 循环获取计划回访每个TAB页的数据 
[2020-12-16 13:33:58] [INFO] >> CustomerList.py >> 第383行  - 循环获取计划回访每个TAB页的数据 
[2020-12-16 13:33:58] [INFO] >> CustomerList.py >> 第383行  - 循环获取计划回访每个TAB页的数据 
[2020-12-16 13:33:58] [INFO] >> CustomerList.py >> 第383行  - 循环获取计划回访每个TAB页的数据 
[2020-12-16 13:33:59] [INFO] >> CustomerList.py >> 第383行  - 循环获取计划回访每个TAB页的数据 
[2020-12-16 13:33:59] [INFO] >> CustomerList.py >> 第383行  - 循环获取计划回访每个TAB页的数据 
[2020-12-16 13:33:59] [INFO] >> CustomerList.py >> 第383行  - 循环获取计划回访每个TAB页的数据 
[2020-12-16 13:33:59] [INFO] >> Test_case.py >> 第125行  - 客户列表分配，使用账号wanyuanhao,分配人：17501110001 
[2020-12-16 13:33:59] [INFO] >> Test_case.py >> 第126行  - 执行分配用例 
[2020-12-16 13:33:59] [INFO] >> CustomerList.py >> 第248行  - 客户列表分配 
[2020-12-16 13:33:59] [INFO] >> CustomerList.py >> 第255行  - 获取客户列表全部客户的数据 
[2020-12-16 13:33:59] [INFO] >> CustomerList.py >> 第261行  - 拿到前4个buid 
[2020-12-16 13:33:59] [INFO] >> CustomerList.py >> 第273行  - 分配数据[[600976286, 600331548, 600940263, 600940271]]给ID为(287523)的用户 
[2020-12-16 13:33:59] [INFO] >> CustomerList.py >> 第283行  - 校验分配人员是否匹配 
[2020-12-16 13:33:59] [INFO] >> CustomerList.py >> 第434行  - 获取全部客户数据 
[2020-12-16 13:34:00] [INFO] >> CustomerList.py >> 第128行  - 录入战败 
[2020-12-16 13:34:00] [INFO] >> CustomerList.py >> 第130行  - 客户列表查询京AC1122是否存在 
[2020-12-16 13:34:00] [INFO] >> CustomerList.py >> 第27行  - 获取京AC1122查询结果 
[2020-12-16 13:34:00] [INFO] >> CustomerList.py >> 第31行  - 客户列表查询车牌通过 
[2020-12-16 13:34:00] [INFO] >> CustomerList.py >> 第133行  - 校验查询结果是否为真 
[2020-12-16 13:34:00] [INFO] >> CustomerList.py >> 第177行  - 录入战败通过 
[2020-12-16 13:34:00] [INFO] >> chudanzhanbai.py >> 第46行  - 战败列表查询 
[2020-12-16 13:34:00] [INFO] >> chudanzhanbai.py >> 第57行  - 战败列表查询通过 
[2020-12-16 13:34:00] [INFO] >> run_case.py >> 第34行  - 发送邮件 
[2020-12-16 13:40:29] [INFO] >> run_case.py >> 第19行  - 登录账户获取touken 
[2020-12-16 13:42:40] [INFO] >> run_case.py >> 第17行  - 登录账户获取touken 
[2020-12-16 13:42:47] [INFO] >> Test_case.py >> 第35行  - 新增数据——录入出单流程 
[2020-12-16 13:42:47] [INFO] >> Interface_quote.py >> 第22行  - 京AC1122发起续保 
[2020-12-16 13:42:47] [INFO] >> Interface_quote.py >> 第41行  - 获取续保响应结果 
[2020-12-16 13:42:47] [INFO] >> Interface_quote.py >> 第44行  - 新增车牌成功 
[2020-12-16 13:42:47] [INFO] >> CustomerList.py >> 第27行  - 获取京AC1122查询结果 
[2020-12-16 13:42:48] [INFO] >> CustomerList.py >> 第31行  - 客户列表查询车牌通过 
[2020-12-16 13:42:48] [INFO] >> CustomerList.py >> 第46行  - 根据buid录入出单，默认录入人保 
[2020-12-16 13:42:48] [INFO] >> CustomerList.py >> 第49行  - 客户列表查询京AC1122是否存在 
[2020-12-16 13:42:48] [INFO] >> CustomerList.py >> 第27行  - 获取京AC1122查询结果 
[2020-12-16 13:42:48] [INFO] >> CustomerList.py >> 第31行  - 客户列表查询车牌通过 
[2020-12-16 13:42:48] [INFO] >> CustomerList.py >> 第54行  - 查询结果拿第一个buid 
[2020-12-16 13:42:48] [INFO] >> CustomerList.py >> 第63行  - 发起录入出单请求 
[2020-12-16 13:42:48] [INFO] >> CustomerList.py >> 第82行  - 本年度已出过保单,提交覆盖 
[2020-12-16 13:42:48] [INFO] >> CustomerList.py >> 第96行  - 获取响应message校验是否出单成功 
[2020-12-16 13:42:48] [INFO] >> CustomerList.py >> 第102行  - 出单成功，校验buid[600976286]是否一致 
[2020-12-16 13:42:48] [INFO] >> CustomerList.py >> 第105行  - 校验出单状态、录入保司、金额是否一致 
[2020-12-16 13:42:48] [INFO] >> CustomerList.py >> 第108行  - 出单成功 
[2020-12-16 13:42:48] [INFO] >> chudanzhanbai.py >> 第21行  - 出单列表查询 
[2020-12-16 13:42:48] [INFO] >> chudanzhanbai.py >> 第32行  - 出单列表查询通过 
[2020-12-16 13:42:48] [INFO] >> Test_case.py >> 第49行  - 顶级账户计划回访数据量对比，使用账号：jiao 
[2020-12-16 13:42:49] [INFO] >> CustomerList.py >> 第363行  - 获取接口返回的计划回访数量 
[2020-12-16 13:42:49] [INFO] >> CustomerList.py >> 第375行  - 列表形式返回计划回访数量：[188, 311, 334, 87, 95, 177, 131, 77, 75] 
[2020-12-16 13:42:49] [INFO] >> CustomerList.py >> 第383行  - 循环获取计划回访每个TAB页的数据 
[2020-12-16 13:42:49] [INFO] >> CustomerList.py >> 第383行  - 循环获取计划回访每个TAB页的数据 
[2020-12-16 13:42:53] [INFO] >> Test_case.py >> 第72行  - 校验报价成功的数据是否有报价历史 
[2020-12-16 13:42:53] [INFO] >> CustomerList.py >> 第394行  - 筛选报价成功数据 
[2020-12-16 13:42:53] [INFO] >> CustomerList.py >> 第401行  - 返回筛选结果 
[2020-12-16 13:42:53] [INFO] >> CustomerList.py >> 第409行  - 获取报价历史 
[2020-12-16 13:42:53] [INFO] >> CustomerList.py >> 第414行  - 返回报价历史结果 
[2020-12-16 13:42:53] [INFO] >> Test_case.py >> 第82行  - 校验切换报价历史是否成功 
[2020-12-16 13:42:53] [INFO] >> CustomerList.py >> 第394行  - 筛选报价成功数据 
[2020-12-16 13:42:53] [INFO] >> CustomerList.py >> 第401行  - 返回筛选结果 
[2020-12-16 13:42:53] [INFO] >> CustomerList.py >> 第409行  - 获取报价历史 
[2020-12-16 13:42:53] [INFO] >> CustomerList.py >> 第414行  - 返回报价历史结果 
[2020-12-16 13:42:53] [INFO] >> CustomerList.py >> 第422行  - 根据报价历史id切换报价历史 
[2020-12-16 13:42:54] [INFO] >> CustomerList.py >> 第427行  - 报价历史已切换 
[2020-12-16 13:42:54] [INFO] >> Test_case.py >> 第102行  - 下级账户计划回访数据量对比,使用账号：18612938273 
[2020-12-16 13:42:54] [INFO] >> CustomerList.py >> 第363行  - 获取接口返回的计划回访数量 
[2020-12-16 13:42:54] [INFO] >> CustomerList.py >> 第375行  - 列表形式返回计划回访数量：[19, 8, 42, 10, 20, 45, 38, 28, 29] 
[2020-12-16 13:42:54] [INFO] >> CustomerList.py >> 第383行  - 循环获取计划回访每个TAB页的数据 
[2020-12-16 13:42:54] [INFO] >> CustomerList.py >> 第383行  - 循环获取计划回访每个TAB页的数据 
[2020-12-16 13:42:54] [INFO] >> CustomerList.py >> 第383行  - 循环获取计划回访每个TAB页的数据 
[2020-12-16 13:42:55] [INFO] >> CustomerList.py >> 第383行  - 循环获取计划回访每个TAB页的数据 
[2020-12-16 13:42:55] [INFO] >> CustomerList.py >> 第383行  - 循环获取计划回访每个TAB页的数据 
[2020-12-16 13:42:55] [INFO] >> CustomerList.py >> 第383行  - 循环获取计划回访每个TAB页的数据 
[2020-12-16 13:42:55] [INFO] >> CustomerList.py >> 第383行  - 循环获取计划回访每个TAB页的数据 
[2020-12-16 13:42:55] [INFO] >> CustomerList.py >> 第383行  - 循环获取计划回访每个TAB页的数据 
[2020-12-16 13:42:55] [INFO] >> CustomerList.py >> 第383行  - 循环获取计划回访每个TAB页的数据 
[2020-12-16 13:42:56] [INFO] >> Test_case.py >> 第125行  - 客户列表分配，使用账号wanyuanhao,分配人：17501110001 
[2020-12-16 13:42:56] [INFO] >> Test_case.py >> 第126行  - 执行分配用例 
[2020-12-16 13:42:56] [INFO] >> CustomerList.py >> 第248行  - 客户列表分配 
[2020-12-16 13:42:56] [INFO] >> CustomerList.py >> 第255行  - 获取客户列表全部客户的数据 
[2020-12-16 13:42:56] [INFO] >> CustomerList.py >> 第261行  - 拿到前4个buid 
[2020-12-16 13:42:56] [INFO] >> CustomerList.py >> 第273行  - 分配数据[[600976286, 600331548, 600940263, 600940271]]给ID为(287523)的用户 
[2020-12-16 13:42:56] [INFO] >> CustomerList.py >> 第283行  - 校验分配人员是否匹配 
[2020-12-16 13:42:56] [INFO] >> CustomerList.py >> 第434行  - 获取全部客户数据 
[2020-12-16 13:42:56] [INFO] >> CustomerList.py >> 第128行  - 录入战败 
[2020-12-16 13:42:56] [INFO] >> CustomerList.py >> 第130行  - 客户列表查询京AC1122是否存在 
[2020-12-16 13:42:56] [INFO] >> CustomerList.py >> 第27行  - 获取京AC1122查询结果 
[2020-12-16 13:42:56] [INFO] >> CustomerList.py >> 第31行  - 客户列表查询车牌通过 
[2020-12-16 13:42:56] [INFO] >> CustomerList.py >> 第133行  - 校验查询结果是否为真 
[2020-12-16 13:42:57] [INFO] >> CustomerList.py >> 第177行  - 录入战败通过 
[2020-12-16 13:42:57] [INFO] >> chudanzhanbai.py >> 第46行  - 战败列表查询 
[2020-12-16 13:42:57] [INFO] >> chudanzhanbai.py >> 第57行  - 战败列表查询通过 
[2020-12-16 13:42:57] [INFO] >> run_case.py >> 第34行  - 发送邮件 
[2020-12-16 13:50:10] [INFO] >> run_case.py >> 第17行  - 登录账户获取touken 
[2020-12-16 13:50:13] [INFO] >> Test_case.py >> 第35行  - 新增数据——录入出单流程 
[2020-12-16 13:50:13] [INFO] >> Interface_quote.py >> 第22行  - 京AC1122发起续保 
[2020-12-16 13:50:13] [INFO] >> Interface_quote.py >> 第41行  - 获取续保响应结果 
[2020-12-16 13:50:14] [INFO] >> Interface_quote.py >> 第44行  - 新增车牌成功 
[2020-12-16 13:50:14] [INFO] >> CustomerList.py >> 第27行  - 获取京AC1122查询结果 
[2020-12-16 13:50:14] [INFO] >> CustomerList.py >> 第31行  - 客户列表查询车牌通过 
[2020-12-16 13:50:14] [INFO] >> CustomerList.py >> 第46行  - 根据buid录入出单，默认录入人保 
[2020-12-16 13:50:14] [INFO] >> CustomerList.py >> 第49行  - 客户列表查询京AC1122是否存在 
[2020-12-16 13:50:14] [INFO] >> CustomerList.py >> 第27行  - 获取京AC1122查询结果 
[2020-12-16 13:50:14] [INFO] >> CustomerList.py >> 第31行  - 客户列表查询车牌通过 
[2020-12-16 13:50:14] [INFO] >> CustomerList.py >> 第54行  - 查询结果拿第一个buid 
[2020-12-16 13:50:14] [INFO] >> CustomerList.py >> 第63行  - 发起录入出单请求 
[2020-12-16 13:50:14] [INFO] >> CustomerList.py >> 第82行  - 本年度已出过保单,提交覆盖 
[2020-12-16 13:50:14] [INFO] >> CustomerList.py >> 第96行  - 获取响应message校验是否出单成功 
[2020-12-16 13:50:15] [INFO] >> CustomerList.py >> 第102行  - 出单成功，校验buid[600976286]是否一致 
[2020-12-16 13:50:15] [INFO] >> CustomerList.py >> 第105行  - 校验出单状态、录入保司、金额是否一致 
[2020-12-16 13:50:15] [INFO] >> CustomerList.py >> 第108行  - 出单成功 
[2020-12-16 13:50:15] [INFO] >> chudanzhanbai.py >> 第21行  - 出单列表查询 
[2020-12-16 13:50:15] [INFO] >> chudanzhanbai.py >> 第32行  - 出单列表查询通过 
[2020-12-16 13:50:15] [INFO] >> Test_case.py >> 第49行  - 顶级账户计划回访数据量对比，使用账号：jiao 
[2020-12-16 13:50:15] [INFO] >> CustomerList.py >> 第363行  - 获取接口返回的计划回访数量 
[2020-12-16 13:50:15] [INFO] >> CustomerList.py >> 第375行  - 列表形式返回计划回访数量：[188, 311, 334, 87, 95, 177, 131, 77, 75] 
[2020-12-16 13:50:15] [INFO] >> CustomerList.py >> 第383行  - 循环获取计划回访每个TAB页的数据 
[2020-12-16 13:50:16] [INFO] >> CustomerList.py >> 第383行  - 循环获取计划回访每个TAB页的数据 
[2020-12-16 13:50:18] [INFO] >> Test_case.py >> 第72行  - 校验报价成功的数据是否有报价历史 
[2020-12-16 13:50:18] [INFO] >> CustomerList.py >> 第394行  - 筛选报价成功数据 
[2020-12-16 13:50:18] [INFO] >> CustomerList.py >> 第401行  - 返回筛选结果 
[2020-12-16 13:50:18] [INFO] >> CustomerList.py >> 第409行  - 获取报价历史 
[2020-12-16 13:50:18] [INFO] >> CustomerList.py >> 第414行  - 返回报价历史结果 
[2020-12-16 13:50:18] [INFO] >> Test_case.py >> 第82行  - 校验切换报价历史是否成功 
[2020-12-16 13:50:18] [INFO] >> CustomerList.py >> 第394行  - 筛选报价成功数据 
[2020-12-16 13:50:18] [INFO] >> CustomerList.py >> 第401行  - 返回筛选结果 
[2020-12-16 13:50:18] [INFO] >> CustomerList.py >> 第409行  - 获取报价历史 
[2020-12-16 13:50:18] [INFO] >> CustomerList.py >> 第414行  - 返回报价历史结果 
[2020-12-16 13:50:18] [INFO] >> CustomerList.py >> 第422行  - 根据报价历史id切换报价历史 
[2020-12-16 13:50:19] [INFO] >> CustomerList.py >> 第427行  - 报价历史已切换 
[2020-12-16 13:50:19] [INFO] >> Test_case.py >> 第102行  - 下级账户计划回访数据量对比,使用账号：18612938273 
[2020-12-16 13:50:19] [INFO] >> CustomerList.py >> 第363行  - 获取接口返回的计划回访数量 
[2020-12-16 13:50:19] [INFO] >> CustomerList.py >> 第375行  - 列表形式返回计划回访数量：[19, 8, 42, 10, 20, 45, 38, 28, 29] 
[2020-12-16 13:50:19] [INFO] >> CustomerList.py >> 第383行  - 循环获取计划回访每个TAB页的数据 
[2020-12-16 13:50:19] [INFO] >> CustomerList.py >> 第383行  - 循环获取计划回访每个TAB页的数据 
[2020-12-16 13:50:19] [INFO] >> CustomerList.py >> 第383行  - 循环获取计划回访每个TAB页的数据 
[2020-12-16 13:50:19] [INFO] >> CustomerList.py >> 第383行  - 循环获取计划回访每个TAB页的数据 
[2020-12-16 13:50:19] [INFO] >> CustomerList.py >> 第383行  - 循环获取计划回访每个TAB页的数据 
[2020-12-16 13:50:20] [INFO] >> CustomerList.py >> 第383行  - 循环获取计划回访每个TAB页的数据 
[2020-12-16 13:50:20] [INFO] >> CustomerList.py >> 第383行  - 循环获取计划回访每个TAB页的数据 
[2020-12-16 13:50:20] [INFO] >> CustomerList.py >> 第383行  - 循环获取计划回访每个TAB页的数据 
[2020-12-16 13:50:20] [INFO] >> CustomerList.py >> 第383行  - 循环获取计划回访每个TAB页的数据 
[2020-12-16 13:50:20] [INFO] >> Test_case.py >> 第125行  - 客户列表分配，使用账号wanyuanhao,分配人：17501110001 
[2020-12-16 13:50:20] [INFO] >> Test_case.py >> 第126行  - 执行分配用例 
[2020-12-16 13:50:20] [INFO] >> CustomerList.py >> 第248行  - 客户列表分配 
[2020-12-16 13:50:20] [INFO] >> CustomerList.py >> 第255行  - 获取客户列表全部客户的数据 
[2020-12-16 13:50:20] [INFO] >> CustomerList.py >> 第261行  - 拿到前4个buid 
[2020-12-16 13:50:20] [INFO] >> CustomerList.py >> 第273行  - 分配数据[[600976286, 600331548, 600940263, 600940271]]给ID为(287523)的用户 
[2020-12-16 13:50:21] [INFO] >> CustomerList.py >> 第283行  - 校验分配人员是否匹配 
[2020-12-16 13:50:21] [INFO] >> CustomerList.py >> 第434行  - 获取全部客户数据 
[2020-12-16 13:50:21] [INFO] >> CustomerList.py >> 第128行  - 录入战败 
[2020-12-16 13:50:21] [INFO] >> CustomerList.py >> 第130行  - 客户列表查询京AC1122是否存在 
[2020-12-16 13:50:21] [INFO] >> CustomerList.py >> 第27行  - 获取京AC1122查询结果 
[2020-12-16 13:50:21] [INFO] >> CustomerList.py >> 第31行  - 客户列表查询车牌通过 
[2020-12-16 13:50:21] [INFO] >> CustomerList.py >> 第133行  - 校验查询结果是否为真 
[2020-12-16 13:50:21] [INFO] >> CustomerList.py >> 第180行  - 录入结果和实际结果不符，车牌：京AC1122 
[2020-12-16 13:50:24] [INFO] >> run_case.py >> 第34行  - 发送邮件 
