[2020-12-14 18:01:16] [INFO] >> kehuliebiao.py >> 第423行 - kehuliebiao - 获取全部客户数据 
[2020-12-14 18:01:17] [INFO] >> kehuliebiao.py >> 第121行 - kehuliebiao - 录入战败 
[2020-12-14 18:01:17] [INFO] >> kehuliebiao.py >> 第123行 - kehuliebiao - 客户列表查询京N67932是否存在 
[2020-12-14 18:01:17] [INFO] >> kehuliebiao.py >> 第26行 - kehuliebiao - 获取京N67932查询结果 
[2020-12-14 18:01:17] [INFO] >> kehuliebiao.py >> 第30行 - kehuliebiao - 客户列表查询车牌通过 
[2020-12-14 18:01:17] [INFO] >> kehuliebiao.py >> 第126行 - kehuliebiao - 校验查询结果是否为真 
[2020-12-14 18:01:18] [INFO] >> kehuliebiao.py >> 第167行 - kehuliebiao - 录入战败通过 
[2020-12-14 18:10:42] [INFO] >> kehuliebiao.py >> 第423行 - kehuliebiao - 获取全部客户数据 
[2020-12-14 18:10:43] [INFO] >> kehuliebiao.py >> 第121行 - kehuliebiao - 录入战败 
[2020-12-14 18:10:43] [INFO] >> kehuliebiao.py >> 第123行 - kehuliebiao - 客户列表查询京N67932是否存在 
[2020-12-14 18:10:43] [INFO] >> kehuliebiao.py >> 第26行 - kehuliebiao - 获取京N67932查询结果 
[2020-12-14 18:10:43] [INFO] >> kehuliebiao.py >> 第30行 - kehuliebiao - 客户列表查询车牌通过 
[2020-12-14 18:10:43] [INFO] >> kehuliebiao.py >> 第126行 - kehuliebiao - 校验查询结果是否为真 
[2020-12-14 18:10:43] [INFO] >> kehuliebiao.py >> 第173行 - kehuliebiao - 覆盖战败响应结果异常：{'data': {'coverCode': 1, 'deteatId': 30010806, 'carPolicyId': None}, 'code': 1, 'message': '系统监测您本续保年度已存在出单/战败记录，重新提交后会覆盖原出单/战败记录，确认执行？'} 
[2020-12-14 18:15:37] [INFO] >> kehuliebiao.py >> 第425行 - kehuliebiao - 获取全部客户数据 
[2020-12-14 18:15:38] [INFO] >> kehuliebiao.py >> 第121行 - kehuliebiao - 录入战败 
[2020-12-14 18:15:38] [INFO] >> kehuliebiao.py >> 第123行 - kehuliebiao - 客户列表查询京N67932是否存在 
[2020-12-14 18:15:38] [INFO] >> kehuliebiao.py >> 第26行 - kehuliebiao - 获取京N67932查询结果 
[2020-12-14 18:15:38] [INFO] >> kehuliebiao.py >> 第30行 - kehuliebiao - 客户列表查询车牌通过 
[2020-12-14 18:15:38] [INFO] >> kehuliebiao.py >> 第126行 - kehuliebiao - 校验查询结果是否为真 
[2020-12-14 18:15:39] [INFO] >> kehuliebiao.py >> 第169行 - kehuliebiao - 录入战败通过 
[2020-12-14 18:15:39] [INFO] >> chudanzhanbai.py >> 第46行 - 出单战败查询 - 战败列表查询 
[2020-12-14 18:15:39] [INFO] >> chudanzhanbai.py >> 第57行 - 出单战败查询 - 战败列表查询通过 
[2020-12-14 18:15:41] [INFO] >> kehuliebiao.py >> 第425行 - kehuliebiao - 获取全部客户数据 
[2020-12-14 18:15:42] [INFO] >> kehuliebiao.py >> 第121行 - kehuliebiao - 录入战败 
[2020-12-14 18:15:42] [INFO] >> kehuliebiao.py >> 第123行 - kehuliebiao - 客户列表查询京N67932是否存在 
[2020-12-14 18:15:42] [INFO] >> kehuliebiao.py >> 第26行 - kehuliebiao - 获取京N67932查询结果 
[2020-12-14 18:15:42] [INFO] >> kehuliebiao.py >> 第30行 - kehuliebiao - 客户列表查询车牌通过 
[2020-12-14 18:15:42] [INFO] >> kehuliebiao.py >> 第126行 - kehuliebiao - 校验查询结果是否为真 
[2020-12-14 18:15:42] [INFO] >> kehuliebiao.py >> 第169行 - kehuliebiao - 录入战败通过 
[2020-12-14 18:15:42] [INFO] >> chudanzhanbai.py >> 第46行 - 出单战败查询 - 战败列表查询 
[2020-12-14 18:15:43] [INFO] >> chudanzhanbai.py >> 第57行 - 出单战败查询 - 战败列表查询通过 
[2020-12-14 18:16:55] [INFO] >> kehuliebiao.py >> 第426行 - kehuliebiao - 获取全部客户数据 
[2020-12-14 18:16:56] [INFO] >> kehuliebiao.py >> 第121行 - kehuliebiao - 录入战败 
[2020-12-14 18:16:56] [INFO] >> kehuliebiao.py >> 第123行 - kehuliebiao - 客户列表查询京N67932是否存在 
[2020-12-14 18:16:56] [INFO] >> kehuliebiao.py >> 第26行 - kehuliebiao - 获取京N67932查询结果 
[2020-12-14 18:16:56] [INFO] >> kehuliebiao.py >> 第30行 - kehuliebiao - 客户列表查询车牌通过 
[2020-12-14 18:16:56] [INFO] >> kehuliebiao.py >> 第126行 - kehuliebiao - 校验查询结果是否为真 
[2020-12-14 18:16:56] [INFO] >> kehuliebiao.py >> 第155行 - kehuliebiao - carPolicyId为None，替换成deteatId 
[2020-12-14 18:16:57] [INFO] >> kehuliebiao.py >> 第170行 - kehuliebiao - 录入战败通过 
[2020-12-14 18:16:57] [INFO] >> chudanzhanbai.py >> 第46行 - 出单战败查询 - 战败列表查询 
[2020-12-14 18:16:57] [INFO] >> chudanzhanbai.py >> 第57行 - 出单战败查询 - 战败列表查询通过 
[2020-12-14 18:17:02] [INFO] >> kehuliebiao.py >> 第426行 - kehuliebiao - 获取全部客户数据 
[2020-12-14 18:17:03] [INFO] >> kehuliebiao.py >> 第121行 - kehuliebiao - 录入战败 
[2020-12-14 18:17:03] [INFO] >> kehuliebiao.py >> 第123行 - kehuliebiao - 客户列表查询京N67932是否存在 
[2020-12-14 18:17:03] [INFO] >> kehuliebiao.py >> 第26行 - kehuliebiao - 获取京N67932查询结果 
[2020-12-14 18:17:03] [INFO] >> kehuliebiao.py >> 第30行 - kehuliebiao - 客户列表查询车牌通过 
[2020-12-14 18:17:03] [INFO] >> kehuliebiao.py >> 第126行 - kehuliebiao - 校验查询结果是否为真 
[2020-12-14 18:17:03] [INFO] >> kehuliebiao.py >> 第155行 - kehuliebiao - carPolicyId为None，替换成deteatId 
[2020-12-14 18:17:03] [INFO] >> kehuliebiao.py >> 第170行 - kehuliebiao - 录入战败通过 
[2020-12-14 18:17:03] [INFO] >> chudanzhanbai.py >> 第46行 - 出单战败查询 - 战败列表查询 
[2020-12-14 18:17:04] [INFO] >> chudanzhanbai.py >> 第57行 - 出单战败查询 - 战败列表查询通过 
[2020-12-14 18:18:11] [INFO] >> Test_case.py >> 第125行 - Test_case - 客户列表分配，使用账号wanyuanhao,分配人：17501110001 
[2020-12-14 18:18:11] [INFO] >> Test_case.py >> 第126行 - Test_case - 执行分配用例 
[2020-12-14 18:18:12] [INFO] >> kehuliebiao.py >> 第241行 - kehuliebiao - 客户列表分配 
[2020-12-14 18:18:12] [INFO] >> kehuliebiao.py >> 第248行 - kehuliebiao - 获取客户列表全部客户的数据 
[2020-12-14 18:18:12] [INFO] >> kehuliebiao.py >> 第254行 - kehuliebiao - 拿到前4个buid 
[2020-12-14 18:18:12] [INFO] >> kehuliebiao.py >> 第266行 - kehuliebiao - 分配数据[[600310036, 600310577, 600331548, 600934393, 600311214, 600976286, 329876821, 600309940, 600311635, 600310308, 600922288, 600934389, 600662053, 600842500, 600868787]]给ID为(287523)的用户 
[2020-12-14 18:18:12] [INFO] >> kehuliebiao.py >> 第276行 - kehuliebiao - 校验分配人员是否匹配 
[2020-12-14 18:18:12] [INFO] >> kehuliebiao.py >> 第281行 - kehuliebiao - 分配的业务员和实际结果业务员不匹配，默认分配人ID是（287523）：{'buid': 600922288, 'dueDays': {'forceDueDays': -1, 'bizDueDays': 1, 'maintainDays': None, 'lastMaintainDays': None}, 'quoteStatus': [{'status': 3, 'sourceId': 4}], 'submitStatus': [{'status': 0, 'sourceId': 4}], 'lastYearSource': 4, 'customerStatusId': 0, 'categoryinfoId': 0, 'employeeId': 287523, 'wechatImg': None, 'renewalStatus': 0, 'createTime': '2020-11-06 15:07:51', 'isFllowUp': 2, 'customerStar': 6.0, 'taskTypeId': 0, 'taskTypeName': '', 'lastFollowUpUrl': '', 'followContentTypeId': 1, 'isIntelligentRenewal': 0, 'followContent': '', 'headImgUrl': '', 'nickName': '', 'deleteTime': '', 'delEmpName': '', 'deleteType': '', 'maintainEndDate': None, 'maintainStatus': 0, 'maintainCategoryName': None, 'maintainEmployeeId': 0, 'maintainEmployeeName': None, 'mileage': 0, 'maintainDate': None, 'maintainStatusName': None, 'maintainDetName': None, 'maintainClintLevelRmark': None, 'maintainActive': None, 'maintainImportFollowUp': None, 'licenseNo': '苏A6Y0G9', 'clientName': '', 'carVin': 'LSGBC5344HG013014', 'moldName': '别克SGM7152DAAA轿车', 'registerDate': '2016-12-23', 'lastBizEndDate': '2020-12-14 23:59:59', 'lastForceEndDate': '2020-12-14 16:00:00', 'followUpTimes': 0, 'lastFollowUpDate': '', 'lastFollowUpContent': '', 'plannedFollowUpDateTime': '', 'customerStatusName': '首访客户', 'categoryinfoName': '', 'lastYearSourceName': '人保车险', 'lastOrganizationName': '南京市大厂支公司中介业务二部', 'employeeName': '自动化分配账号', 'departmentName': '销售部', 'updateTime': '2020-12-14 18:18:12', 'renewalTypeName': 'PC端录入', 'ownerName': '韩文荣'} 
[2020-12-14 18:18:28] [INFO] >> kehuliebiao.py >> 第426行 - kehuliebiao - 获取全部客户数据 
[2020-12-14 18:18:35] [INFO] >> kehuliebiao.py >> 第121行 - kehuliebiao - 录入战败 
[2020-12-14 18:18:38] [INFO] >> kehuliebiao.py >> 第123行 - kehuliebiao - 客户列表查询苏A6Y0G9是否存在 
[2020-12-14 18:18:38] [INFO] >> kehuliebiao.py >> 第26行 - kehuliebiao - 获取苏A6Y0G9查询结果 
[2020-12-14 18:18:38] [INFO] >> kehuliebiao.py >> 第30行 - kehuliebiao - 客户列表查询车牌通过 
[2020-12-14 18:18:39] [INFO] >> kehuliebiao.py >> 第126行 - kehuliebiao - 校验查询结果是否为真 
[2020-12-14 18:18:49] [INFO] >> kehuliebiao.py >> 第145行 - kehuliebiao - 录入战败通过 
[2020-12-14 18:19:09] [INFO] >> chudanzhanbai.py >> 第46行 - 出单战败查询 - 战败列表查询 
[2020-12-14 18:19:10] [INFO] >> chudanzhanbai.py >> 第57行 - 出单战败查询 - 战败列表查询通过 
[2020-12-14 18:19:34] [INFO] >> kehuliebiao.py >> 第426行 - kehuliebiao - 获取全部客户数据 
[2020-12-14 18:19:39] [INFO] >> kehuliebiao.py >> 第121行 - kehuliebiao - 录入战败 
[2020-12-14 18:19:41] [INFO] >> kehuliebiao.py >> 第123行 - kehuliebiao - 客户列表查询苏A6Y0G9是否存在 
[2020-12-14 18:19:45] [INFO] >> kehuliebiao.py >> 第26行 - kehuliebiao - 获取苏A6Y0G9查询结果 
[2020-12-14 18:19:45] [INFO] >> kehuliebiao.py >> 第30行 - kehuliebiao - 客户列表查询车牌通过 
[2020-12-14 18:19:47] [INFO] >> kehuliebiao.py >> 第126行 - kehuliebiao - 校验查询结果是否为真 
[2020-12-14 18:20:29] [INFO] >> kehuliebiao.py >> 第155行 - kehuliebiao - carPolicyId为None，替换成deteatId 
[2020-12-14 18:20:55] [INFO] >> kehuliebiao.py >> 第170行 - kehuliebiao - 录入战败通过 
[2020-12-14 18:20:56] [INFO] >> chudanzhanbai.py >> 第46行 - 出单战败查询 - 战败列表查询 
[2020-12-14 18:20:56] [INFO] >> chudanzhanbai.py >> 第57行 - 出单战败查询 - 战败列表查询通过 
[2020-12-14 18:21:41] [INFO] >> kehuliebiao.py >> 第426行 - kehuliebiao - 获取全部客户数据 
[2020-12-14 18:21:43] [INFO] >> kehuliebiao.py >> 第121行 - kehuliebiao - 录入战败 
[2020-12-14 18:21:45] [INFO] >> kehuliebiao.py >> 第123行 - kehuliebiao - 客户列表查询苏A6Y0G9是否存在 
[2020-12-14 18:21:46] [INFO] >> kehuliebiao.py >> 第26行 - kehuliebiao - 获取苏A6Y0G9查询结果 
[2020-12-14 18:21:46] [INFO] >> kehuliebiao.py >> 第30行 - kehuliebiao - 客户列表查询车牌通过 
[2020-12-14 18:21:50] [INFO] >> kehuliebiao.py >> 第126行 - kehuliebiao - 校验查询结果是否为真 
[2020-12-14 18:32:42] [INFO] >> Test_case.py >> 第35行 - Test_case - 新增数据——录入出单流程 
[2020-12-14 18:33:34] [INFO] >> Test_case.py >> 第35行 - Test_case - 新增数据——录入出单流程 
[2020-12-14 18:33:34] [INFO] >> Interface_quote.py >> 第22行 - 新增报价 - 京AC1122发起续保 
[2020-12-14 18:33:35] [INFO] >> Interface_quote.py >> 第41行 - 新增报价 - 获取续保响应结果 
[2020-12-14 18:33:35] [INFO] >> Interface_quote.py >> 第44行 - 新增报价 - 新增车牌成功 
[2020-12-14 18:33:35] [INFO] >> kehuliebiao.py >> 第26行 - kehuliebiao - 获取京AC1122查询结果 
[2020-12-14 18:33:35] [INFO] >> kehuliebiao.py >> 第30行 - kehuliebiao - 客户列表查询车牌通过 
[2020-12-14 18:34:49] [INFO] >> kehuliebiao.py >> 第45行 - kehuliebiao - 根据buid录入出单，默认录入人保 
[2020-12-14 18:34:59] [INFO] >> kehuliebiao.py >> 第48行 - kehuliebiao - 客户列表查询苏A6Y0G9是否存在 
[2020-12-14 18:35:00] [INFO] >> kehuliebiao.py >> 第26行 - kehuliebiao - 获取苏A6Y0G9查询结果 
[2020-12-14 18:35:01] [INFO] >> kehuliebiao.py >> 第30行 - kehuliebiao - 客户列表查询车牌通过 
[2020-12-14 18:35:06] [INFO] >> kehuliebiao.py >> 第53行 - kehuliebiao - 查询结果拿第一个buid 
[2020-12-14 18:35:17] [INFO] >> kehuliebiao.py >> 第62行 - kehuliebiao - 发起录入出单请求 
[2020-12-14 18:35:28] [INFO] >> kehuliebiao.py >> 第81行 - kehuliebiao - 本年度已出过保单,提交覆盖 
[2020-12-14 18:35:37] [INFO] >> kehuliebiao.py >> 第95行 - kehuliebiao - 获取响应message校验是否出单成功 
[2020-12-14 18:36:16] [INFO] >> kehuliebiao.py >> 第101行 - kehuliebiao - 出单成功，校验是否600922288是否一致 
[2020-12-14 18:36:24] [INFO] >> kehuliebiao.py >> 第106行 - kehuliebiao - 出单成功 
