[2021-01-05 21:04:54] [INFO] >> run_case.py >> 第17行  - 登录账户获取touken 
[2021-01-05 21:04:54] [INFO] >> Headers.py >> 第40行  - token更新到config文件 
[2021-01-05 21:04:54] [INFO] >> Headers.py >> 第42行  - 返回token 
[2021-01-05 21:04:54] [INFO] >> TestCase.py >> 第35行  - 用例：新增数据——录入出单流程 
[2021-01-05 21:04:54] [INFO] >> Interface_quote.py >> 第24行  - 京AC1122发起续保 
[2021-01-05 21:04:54] [INFO] >> Interface_quote.py >> 第43行  - 获取续保响应结果 
[2021-01-05 21:04:55] [INFO] >> Interface_quote.py >> 第46行  - 新增车牌成功 
[2021-01-05 21:04:55] [INFO] >> CustomerList.py >> 第29行  - 获取京AC1122查询结果 
[2021-01-05 21:04:55] [INFO] >> CustomerList.py >> 第33行  - 客户列表查询车牌通过 
[2021-01-05 21:04:55] [INFO] >> CustomerList.py >> 第48行  - 根据buid录入出单，默认录入人保 
[2021-01-05 21:04:55] [INFO] >> CustomerList.py >> 第51行  - 客户列表查询京AC1122是否存在 
[2021-01-05 21:04:55] [INFO] >> CustomerList.py >> 第29行  - 获取京AC1122查询结果 
[2021-01-05 21:04:55] [INFO] >> CustomerList.py >> 第33行  - 客户列表查询车牌通过 
[2021-01-05 21:04:55] [INFO] >> CustomerList.py >> 第56行  - 查询结果拿第一个buid 
[2021-01-05 21:04:55] [INFO] >> CustomerList.py >> 第65行  - 发起录入出单请求 
[2021-01-05 21:04:55] [INFO] >> CustomerList.py >> 第86行  - 本年度已出过保单,提交覆盖 
[2021-01-05 21:04:55] [INFO] >> CustomerList.py >> 第100行  - 获取响应message校验是否出单成功 
[2021-01-05 21:04:58] [INFO] >> CustomerList.py >> 第108行  - 出单成功，校验buid[600976286]是否一致 
[2021-01-05 21:04:58] [INFO] >> CustomerList.py >> 第111行  - 校验出单状态、录入保司、金额是否一致 
[2021-01-05 21:04:58] [INFO] >> CustomerList.py >> 第114行  - 出单成功 
[2021-01-05 21:04:58] [INFO] >> chudanzhanbai.py >> 第21行  - 出单列表查询 
[2021-01-05 21:04:58] [INFO] >> chudanzhanbai.py >> 第32行  - 出单列表查询通过 
[2021-01-05 21:04:58] [INFO] >> TestCase.py >> 第48行  - 用例：顶级账户计划回访数据量对比，使用账号：jiao 
[2021-01-05 21:04:58] [INFO] >> Headers.py >> 第64行  - 返回token 
[2021-01-05 21:04:58] [INFO] >> CustomerList.py >> 第374行  - 获取接口返回的计划回访数量 
[2021-01-05 21:04:58] [INFO] >> CustomerList.py >> 第386行  - 列表形式返回计划回访数量：[6, 315, 334, 337, 57, 46, 175, 211, 116] 
[2021-01-05 21:04:58] [INFO] >> CustomerList.py >> 第394行  - 循环获取计划回访每个TAB页的数据 
[2021-01-05 21:04:58] [INFO] >> CustomerList.py >> 第394行  - 循环获取计划回访每个TAB页的数据 
[2021-01-05 21:04:59] [INFO] >> CustomerList.py >> 第394行  - 循环获取计划回访每个TAB页的数据 
[2021-01-05 21:05:00] [INFO] >> CustomerList.py >> 第394行  - 循环获取计划回访每个TAB页的数据 
[2021-01-05 21:05:00] [INFO] >> CustomerList.py >> 第394行  - 循环获取计划回访每个TAB页的数据 
[2021-01-05 21:05:01] [INFO] >> CustomerList.py >> 第394行  - 循环获取计划回访每个TAB页的数据 
[2021-01-05 21:05:01] [INFO] >> CustomerList.py >> 第394行  - 循环获取计划回访每个TAB页的数据 
[2021-01-05 21:05:01] [INFO] >> CustomerList.py >> 第394行  - 循环获取计划回访每个TAB页的数据 
[2021-01-05 21:05:02] [INFO] >> CustomerList.py >> 第394行  - 循环获取计划回访每个TAB页的数据 
[2021-01-05 21:05:02] [INFO] >> TestCase.py >> 第71行  - 用例：校验报价成功的数据是否有报价历史 
[2021-01-05 21:05:02] [INFO] >> CustomerList.py >> 第405行  - 筛选报价成功数据 
[2021-01-05 21:05:02] [INFO] >> CustomerList.py >> 第412行  - 返回筛选结果 
[2021-01-05 21:05:02] [INFO] >> CustomerList.py >> 第420行  - 获取报价历史 
[2021-01-05 21:05:02] [INFO] >> CustomerList.py >> 第425行  - 返回报价历史结果 
[2021-01-05 21:05:02] [INFO] >> TestCase.py >> 第81行  - 用例：校验切换报价历史是否成功 
[2021-01-05 21:05:02] [INFO] >> CustomerList.py >> 第405行  - 筛选报价成功数据 
[2021-01-05 21:05:03] [INFO] >> CustomerList.py >> 第412行  - 返回筛选结果 
[2021-01-05 21:05:03] [INFO] >> CustomerList.py >> 第420行  - 获取报价历史 
[2021-01-05 21:05:03] [INFO] >> CustomerList.py >> 第425行  - 返回报价历史结果 
[2021-01-05 21:05:03] [INFO] >> CustomerList.py >> 第433行  - 根据报价历史id切换报价历史 
[2021-01-05 21:05:03] [INFO] >> CustomerList.py >> 第438行  - 报价历史已切换 
[2021-01-05 21:05:03] [INFO] >> TestCase.py >> 第101行  - 用例：下级账户计划回访数据量对比,使用账号：18612938273 
[2021-01-05 21:05:03] [INFO] >> Headers.py >> 第64行  - 返回token 
[2021-01-05 21:05:03] [INFO] >> CustomerList.py >> 第374行  - 获取接口返回的计划回访数量 
[2021-01-05 21:05:03] [INFO] >> CustomerList.py >> 第386行  - 列表形式返回计划回访数量：[6, 49, 23, 32, 15, 14, 36, 30, 34] 
[2021-01-05 21:05:03] [INFO] >> CustomerList.py >> 第394行  - 循环获取计划回访每个TAB页的数据 
[2021-01-05 21:05:03] [INFO] >> CustomerList.py >> 第394行  - 循环获取计划回访每个TAB页的数据 
[2021-01-05 21:05:03] [INFO] >> CustomerList.py >> 第394行  - 循环获取计划回访每个TAB页的数据 
[2021-01-05 21:05:04] [INFO] >> CustomerList.py >> 第394行  - 循环获取计划回访每个TAB页的数据 
[2021-01-05 21:05:04] [INFO] >> CustomerList.py >> 第394行  - 循环获取计划回访每个TAB页的数据 
[2021-01-05 21:05:04] [INFO] >> CustomerList.py >> 第394行  - 循环获取计划回访每个TAB页的数据 
[2021-01-05 21:05:04] [INFO] >> CustomerList.py >> 第394行  - 循环获取计划回访每个TAB页的数据 
[2021-01-05 21:05:04] [INFO] >> CustomerList.py >> 第394行  - 循环获取计划回访每个TAB页的数据 
[2021-01-05 21:05:04] [INFO] >> CustomerList.py >> 第394行  - 循环获取计划回访每个TAB页的数据 
[2021-01-05 21:05:05] [INFO] >> TestCase.py >> 第124行  - 用例：客户列表分配，使用账号wanyuanhao,分配人：17501110001 
[2021-01-05 21:05:05] [INFO] >> TestCase.py >> 第125行  - 执行分配用例 
[2021-01-05 21:05:05] [INFO] >> Headers.py >> 第64行  - 返回token 
[2021-01-05 21:05:05] [INFO] >> CustomerList.py >> 第259行  - 客户列表分配 
[2021-01-05 21:05:05] [INFO] >> CustomerList.py >> 第266行  - 获取客户列表全部客户的数据 
[2021-01-05 21:05:05] [INFO] >> CustomerList.py >> 第272行  - 拿到前4个buid 
[2021-01-05 21:05:05] [INFO] >> CustomerList.py >> 第284行  - 分配数据[[600976286, 600917131, 600309493, 600996695]]给ID为(287523)的用户 
[2021-01-05 21:05:05] [INFO] >> CustomerList.py >> 第294行  - 校验分配人员是否匹配 
[2021-01-05 21:05:05] [INFO] >> TestCase.py >> 第133行  - 用例：使用全部客户第5条数据录入战败 
[2021-01-05 21:05:05] [INFO] >> CustomerList.py >> 第445行  - 获取全部客户数据 
[2021-01-05 21:05:06] [INFO] >> CustomerList.py >> 第134行  - 录入战败 
[2021-01-05 21:05:06] [INFO] >> CustomerList.py >> 第136行  - 客户列表查询苏A6P916是否存在 
[2021-01-05 21:05:06] [INFO] >> CustomerList.py >> 第29行  - 获取苏A6P916查询结果 
[2021-01-05 21:05:09] [INFO] >> CustomerList.py >> 第33行  - 客户列表查询车牌通过 
[2021-01-05 21:05:09] [INFO] >> CustomerList.py >> 第139行  - 校验查询结果是否为真 
[2021-01-05 21:05:09] [INFO] >> CustomerList.py >> 第170行  - carPolicyId为None，替换成deteatId 
[2021-01-05 21:05:11] [INFO] >> CustomerList.py >> 第187行  - 录入战败通过 
[2021-01-05 21:05:11] [INFO] >> chudanzhanbai.py >> 第46行  - 战败列表查询 
[2021-01-05 21:05:12] [INFO] >> chudanzhanbai.py >> 第57行  - 战败列表查询通过 
[2021-01-05 21:05:12] [INFO] >> TestCase.py >> 第143行  - 用例：使用全部客户第8条数据录入续保跟进 
[2021-01-05 21:05:12] [INFO] >> CustomerList.py >> 第445行  - 获取全部客户数据 
[2021-01-05 21:05:12] [INFO] >> CustomerList.py >> 第462行  - [buid:600993945]录入普通跟进 
[2021-01-05 21:05:12] [INFO] >> CustomerList.py >> 第468行  - 请求录入跟进 
[2021-01-05 21:05:12] [INFO] >> CustomerList.py >> 第470行  - 返回录入跟进响应结果：{'data': {'coverCode': 0, 'deteatId': None, 'carPolicyId': None}, 'code': 1, 'message': '成功'} 
[2021-01-05 21:05:12] [INFO] >> TestCase.py >> 第151行  - 用例：客户列表不筛选导出全部客户TAB数据 
[2021-01-05 21:05:12] [INFO] >> CustomerList.py >> 第477行  - 客户列表导出 
[2021-01-05 21:05:16] [INFO] >> CustomerList.py >> 第484行  - 返回导出响应结果：{'code': 1, 'message': '操作成功', 'data': 'https://image.91bihu.com/customer/2021/1/5/171383/bf5311e8d54d4e009a754d6c0ffc7efe.zip'} 
[2021-01-05 21:05:16] [INFO] >> TestCase.py >> 第157行  - 用例：客户列表筛选（战败）导出全部客户数据 
[2021-01-05 21:05:16] [INFO] >> CustomerList.py >> 第487行  - 客户列表导出 
[2021-01-05 21:05:17] [INFO] >> CustomerList.py >> 第495行  - 返回导出响应结果：{'code': 1, 'message': '操作成功', 'data': 'https://image.91bihu.com/customer/2021/1/5/171383/3bc095084046479eb23f63e83e7ec537.zip'} 
[2021-01-05 21:05:17] [INFO] >> TestCase.py >> 第164行  - 用例：定保录入成功预约 
[2021-01-05 21:05:17] [INFO] >> CustomerList.py >> 第445行  - 获取全部客户数据 
[2021-01-05 21:05:17] [INFO] >> CustomerList.py >> 第504行  - 定保录入成功预约 
[2021-01-05 21:05:18] [INFO] >> CustomerList.py >> 第512行  - 校验响应结果：{'data': {'coverCode': 1, 'deteatId': 22, 'carPolicyId': None}, 'code': 1, 'message': '系统监测您今天已存在定保预约出单/战败记录，重新提交后会覆盖原预约出单/战败记录，确认执行？'} 
[2021-01-05 21:05:18] [INFO] >> CustomerList.py >> 第517行  - 定保出单重复，确认覆盖 
[2021-01-05 21:05:18] [INFO] >> CustomerList.py >> 第504行  - 定保录入成功预约 
[2021-01-05 21:05:18] [INFO] >> CustomerList.py >> 第512行  - 校验响应结果：{'data': {'coverCode': 0, 'deteatId': None, 'carPolicyId': None}, 'code': 1, 'message': '成功'} 
[2021-01-05 21:05:18] [INFO] >> CustomerList.py >> 第514行  - 定保录入成功 
[2021-01-05 21:05:18] [INFO] >> TestCase.py >> 第172行  - 用例：定保录入战败 
[2021-01-05 21:05:18] [INFO] >> CustomerList.py >> 第445行  - 获取全部客户数据 
[2021-01-05 21:05:19] [INFO] >> CustomerList.py >> 第531行  - 定保录入战败 
[2021-01-05 21:05:19] [INFO] >> CustomerList.py >> 第540行  - 校验响应结果：{'data': {'coverCode': 1, 'deteatId': None, 'carPolicyId': 55}, 'code': 1, 'message': '系统监测您今天已存在定保预约出单/战败记录，重新提交后会覆盖原预约出单/战败记录，确认执行？'} 
[2021-01-05 21:05:19] [INFO] >> CustomerList.py >> 第545行  - 定保出单重复，确认覆盖 
[2021-01-05 21:05:19] [INFO] >> CustomerList.py >> 第531行  - 定保录入战败 
[2021-01-05 21:05:19] [INFO] >> CustomerList.py >> 第540行  - 校验响应结果：{'data': {'coverCode': 0, 'deteatId': None, 'carPolicyId': None}, 'code': 1, 'message': '成功'} 
[2021-01-05 21:05:19] [INFO] >> CustomerList.py >> 第542行  - 定保录入成功 
[2021-01-05 21:05:19] [INFO] >> run_case.py >> 第34行  - 发送邮件 
