[2021-01-07 17:25:03] [INFO] >> TestCase.py >> 第35行  - 用例：新增数据——录入出单流程 
[2021-01-07 17:25:03] [INFO] >> Interface_quote.py >> 第24行  - 京AC1122发起续保 
[2021-01-07 17:25:04] [INFO] >> Interface_quote.py >> 第43行  - 获取续保响应结果 
[2021-01-07 17:25:04] [INFO] >> Interface_quote.py >> 第46行  - 新增车牌成功 
[2021-01-07 17:25:04] [INFO] >> CustomerList.py >> 第29行  - 获取京AC1122查询结果 
[2021-01-07 17:25:04] [INFO] >> CustomerList.py >> 第33行  - 客户列表查询车牌通过 
[2021-01-07 17:25:04] [INFO] >> CustomerList.py >> 第48行  - 根据buid录入出单，默认录入人保 
[2021-01-07 17:25:04] [INFO] >> CustomerList.py >> 第51行  - 客户列表查询京AC1122是否存在 
[2021-01-07 17:25:04] [INFO] >> CustomerList.py >> 第29行  - 获取京AC1122查询结果 
[2021-01-07 17:25:04] [INFO] >> CustomerList.py >> 第33行  - 客户列表查询车牌通过 
[2021-01-07 17:25:04] [INFO] >> CustomerList.py >> 第56行  - 查询结果拿第一个buid 
[2021-01-07 17:25:04] [INFO] >> CustomerList.py >> 第65行  - 发起录入出单请求 
[2021-01-07 17:25:05] [INFO] >> CustomerList.py >> 第86行  - 本年度已出过保单,提交覆盖 
[2021-01-07 17:25:05] [INFO] >> CustomerList.py >> 第100行  - 获取响应message校验是否出单成功 
[2021-01-07 17:25:07] [INFO] >> CustomerList.py >> 第108行  - 出单成功，校验buid[600976286]是否一致 
[2021-01-07 17:25:07] [INFO] >> CustomerList.py >> 第111行  - 校验出单状态、录入保司、金额是否一致 
[2021-01-07 17:25:07] [INFO] >> CustomerList.py >> 第114行  - 出单成功 
[2021-01-07 17:25:07] [INFO] >> chudanzhanbai.py >> 第21行  - 出单列表查询 
[2021-01-07 17:25:07] [INFO] >> chudanzhanbai.py >> 第32行  - 出单列表查询通过 
[2021-01-07 17:25:07] [INFO] >> TestCase.py >> 第48行  - 用例：顶级账户计划回访数据量对比，使用账号：jiao 
[2021-01-07 17:25:07] [INFO] >> Headers.py >> 第64行  - 返回token 
[2021-01-07 17:25:07] [INFO] >> CustomerList.py >> 第374行  - 获取接口返回的计划回访数量 
[2021-01-07 17:25:08] [INFO] >> CustomerList.py >> 第386行  - 列表形式返回计划回访数量：[94, 378, 171, 145, 191, 226, 167, 170, 133] 
[2021-01-07 17:25:08] [INFO] >> CustomerList.py >> 第394行  - 循环获取计划回访每个TAB页的数据 
[2021-01-07 17:25:17] [INFO] >> TestCase.py >> 第35行  - 用例：新增数据——录入出单流程 
[2021-01-07 17:25:17] [INFO] >> Interface_quote.py >> 第24行  - 京AC1122发起续保 
[2021-01-07 17:25:17] [INFO] >> Interface_quote.py >> 第43行  - 获取续保响应结果 
[2021-01-07 17:25:17] [INFO] >> Interface_quote.py >> 第46行  - 新增车牌成功 
[2021-01-07 17:25:17] [INFO] >> CustomerList.py >> 第29行  - 获取京AC1122查询结果 
[2021-01-07 17:25:17] [INFO] >> CustomerList.py >> 第33行  - 客户列表查询车牌通过 
[2021-01-07 17:25:17] [INFO] >> CustomerList.py >> 第48行  - 根据buid录入出单，默认录入人保 
[2021-01-07 17:25:17] [INFO] >> CustomerList.py >> 第51行  - 客户列表查询京AC1122是否存在 
[2021-01-07 17:25:17] [INFO] >> CustomerList.py >> 第29行  - 获取京AC1122查询结果 
[2021-01-07 17:25:18] [INFO] >> CustomerList.py >> 第33行  - 客户列表查询车牌通过 
[2021-01-07 17:25:18] [INFO] >> CustomerList.py >> 第56行  - 查询结果拿第一个buid 
[2021-01-07 17:25:18] [INFO] >> CustomerList.py >> 第65行  - 发起录入出单请求 
[2021-01-07 17:25:18] [INFO] >> CustomerList.py >> 第86行  - 本年度已出过保单,提交覆盖 
[2021-01-07 17:25:18] [INFO] >> CustomerList.py >> 第100行  - 获取响应message校验是否出单成功 
[2021-01-07 17:25:33] [INFO] >> TestCase.py >> 第35行  - 用例：新增数据——录入出单流程 
[2021-01-07 17:25:33] [INFO] >> Interface_quote.py >> 第24行  - 京AC1122发起续保 
[2021-01-07 17:25:33] [INFO] >> Interface_quote.py >> 第43行  - 获取续保响应结果 
[2021-01-07 17:25:34] [INFO] >> Interface_quote.py >> 第46行  - 新增车牌成功 
[2021-01-07 17:25:34] [INFO] >> CustomerList.py >> 第29行  - 获取京AC1122查询结果 
[2021-01-07 17:25:34] [INFO] >> CustomerList.py >> 第33行  - 客户列表查询车牌通过 
[2021-01-07 17:25:34] [INFO] >> CustomerList.py >> 第48行  - 根据buid录入出单，默认录入人保 
[2021-01-07 17:25:34] [INFO] >> CustomerList.py >> 第51行  - 客户列表查询京AC1122是否存在 
[2021-01-07 17:25:34] [INFO] >> CustomerList.py >> 第29行  - 获取京AC1122查询结果 
[2021-01-07 17:25:34] [INFO] >> CustomerList.py >> 第33行  - 客户列表查询车牌通过 
[2021-01-07 17:25:34] [INFO] >> CustomerList.py >> 第56行  - 查询结果拿第一个buid 
[2021-01-07 17:25:34] [INFO] >> CustomerList.py >> 第65行  - 发起录入出单请求 
[2021-01-07 17:25:35] [INFO] >> CustomerList.py >> 第86行  - 本年度已出过保单,提交覆盖 
[2021-01-07 17:25:35] [INFO] >> CustomerList.py >> 第100行  - 获取响应message校验是否出单成功 
[2021-01-07 17:26:07] [INFO] >> TestCase.py >> 第35行  - 用例：新增数据——录入出单流程 
[2021-01-07 17:26:07] [INFO] >> Interface_quote.py >> 第24行  - 京AC1122发起续保 
[2021-01-07 17:26:08] [INFO] >> Interface_quote.py >> 第43行  - 获取续保响应结果 
[2021-01-07 17:26:08] [INFO] >> Interface_quote.py >> 第46行  - 新增车牌成功 
[2021-01-07 17:26:08] [INFO] >> CustomerList.py >> 第29行  - 获取京AC1122查询结果 
[2021-01-07 17:26:08] [INFO] >> CustomerList.py >> 第33行  - 客户列表查询车牌通过 
[2021-01-07 17:26:08] [INFO] >> CustomerList.py >> 第48行  - 根据buid录入出单，默认录入人保 
[2021-01-07 17:26:08] [INFO] >> CustomerList.py >> 第51行  - 客户列表查询京AC1122是否存在 
[2021-01-07 17:26:08] [INFO] >> CustomerList.py >> 第29行  - 获取京AC1122查询结果 
[2021-01-07 17:26:08] [INFO] >> CustomerList.py >> 第33行  - 客户列表查询车牌通过 
[2021-01-07 17:26:08] [INFO] >> CustomerList.py >> 第56行  - 查询结果拿第一个buid 
[2021-01-07 17:26:08] [INFO] >> CustomerList.py >> 第65行  - 发起录入出单请求 
[2021-01-07 17:26:08] [INFO] >> CustomerList.py >> 第86行  - 本年度已出过保单,提交覆盖 
[2021-01-07 17:26:08] [INFO] >> CustomerList.py >> 第100行  - 获取响应message校验是否出单成功 
[2021-01-07 17:26:11] [INFO] >> CustomerList.py >> 第108行  - 出单成功，校验buid[600976286]是否一致 
[2021-01-07 17:26:11] [INFO] >> CustomerList.py >> 第111行  - 校验出单状态、录入保司、金额是否一致 
[2021-01-07 17:26:11] [INFO] >> CustomerList.py >> 第114行  - 出单成功 
[2021-01-07 17:26:11] [INFO] >> chudanzhanbai.py >> 第21行  - 出单列表查询 
[2021-01-07 17:26:11] [INFO] >> chudanzhanbai.py >> 第32行  - 出单列表查询通过 
[2021-01-07 17:26:11] [INFO] >> TestCase.py >> 第48行  - 用例：顶级账户计划回访数据量对比，使用账号：jiao 
[2021-01-07 17:26:11] [INFO] >> Headers.py >> 第64行  - 返回token 
[2021-01-07 17:26:11] [INFO] >> CustomerList.py >> 第374行  - 获取接口返回的计划回访数量 
[2021-01-07 17:26:11] [INFO] >> CustomerList.py >> 第386行  - 列表形式返回计划回访数量：[94, 378, 171, 145, 191, 226, 167, 170, 133] 
[2021-01-07 17:26:11] [INFO] >> CustomerList.py >> 第394行  - 循环获取计划回访每个TAB页的数据 
[2021-01-07 17:26:12] [INFO] >> CustomerList.py >> 第394行  - 循环获取计划回访每个TAB页的数据 
[2021-01-07 17:26:12] [INFO] >> CustomerList.py >> 第394行  - 循环获取计划回访每个TAB页的数据 
[2021-01-07 17:26:13] [INFO] >> CustomerList.py >> 第394行  - 循环获取计划回访每个TAB页的数据 
[2021-01-07 17:26:13] [INFO] >> CustomerList.py >> 第394行  - 循环获取计划回访每个TAB页的数据 
[2021-01-07 17:26:46] [INFO] >> TestCase.py >> 第35行  - 用例：新增数据——录入出单流程 
[2021-01-07 17:26:46] [INFO] >> Interface_quote.py >> 第24行  - 京AC1122发起续保 
[2021-01-07 17:26:47] [INFO] >> Interface_quote.py >> 第43行  - 获取续保响应结果 
[2021-01-07 17:26:47] [INFO] >> Interface_quote.py >> 第46行  - 新增车牌成功 
[2021-01-07 17:26:47] [INFO] >> CustomerList.py >> 第29行  - 获取京AC1122查询结果 
[2021-01-07 17:26:47] [INFO] >> CustomerList.py >> 第33行  - 客户列表查询车牌通过 
[2021-01-07 17:26:47] [INFO] >> CustomerList.py >> 第48行  - 根据buid录入出单，默认录入人保 
[2021-01-07 17:26:47] [INFO] >> CustomerList.py >> 第51行  - 客户列表查询京AC1122是否存在 
[2021-01-07 17:26:47] [INFO] >> CustomerList.py >> 第29行  - 获取京AC1122查询结果 
[2021-01-07 17:26:47] [INFO] >> CustomerList.py >> 第33行  - 客户列表查询车牌通过 
[2021-01-07 17:26:47] [INFO] >> CustomerList.py >> 第56行  - 查询结果拿第一个buid 
[2021-01-07 17:26:47] [INFO] >> CustomerList.py >> 第65行  - 发起录入出单请求 
[2021-01-07 17:26:47] [INFO] >> CustomerList.py >> 第86行  - 本年度已出过保单,提交覆盖 
[2021-01-07 17:26:47] [INFO] >> CustomerList.py >> 第100行  - 获取响应message校验是否出单成功 
[2021-01-07 17:26:50] [INFO] >> CustomerList.py >> 第108行  - 出单成功，校验buid[600976286]是否一致 
[2021-01-07 17:26:50] [INFO] >> CustomerList.py >> 第111行  - 校验出单状态、录入保司、金额是否一致 
[2021-01-07 17:26:50] [INFO] >> CustomerList.py >> 第114行  - 出单成功 
[2021-01-07 17:26:50] [INFO] >> chudanzhanbai.py >> 第21行  - 出单列表查询 
[2021-01-07 17:26:50] [INFO] >> chudanzhanbai.py >> 第32行  - 出单列表查询通过 
[2021-01-07 17:26:50] [INFO] >> TestCase.py >> 第48行  - 用例：顶级账户计划回访数据量对比，使用账号：jiao 
[2021-01-07 17:26:50] [INFO] >> Headers.py >> 第64行  - 返回token 
[2021-01-07 17:26:50] [INFO] >> CustomerList.py >> 第374行  - 获取接口返回的计划回访数量 
[2021-01-07 17:26:50] [INFO] >> CustomerList.py >> 第386行  - 列表形式返回计划回访数量：[94, 378, 171, 145, 191, 226, 167, 170, 133] 
[2021-01-07 17:26:50] [INFO] >> CustomerList.py >> 第394行  - 循环获取计划回访每个TAB页的数据 
[2021-01-07 17:26:50] [INFO] >> CustomerList.py >> 第394行  - 循环获取计划回访每个TAB页的数据 
[2021-01-07 17:26:51] [INFO] >> CustomerList.py >> 第394行  - 循环获取计划回访每个TAB页的数据 
[2021-01-07 17:26:51] [INFO] >> CustomerList.py >> 第394行  - 循环获取计划回访每个TAB页的数据 
[2021-01-07 17:26:52] [INFO] >> CustomerList.py >> 第394行  - 循环获取计划回访每个TAB页的数据 
[2021-01-07 17:26:52] [INFO] >> CustomerList.py >> 第394行  - 循环获取计划回访每个TAB页的数据 
[2021-01-07 17:27:29] [INFO] >> TestCase.py >> 第35行  - 用例：新增数据——录入出单流程 
[2021-01-07 17:27:29] [INFO] >> Interface_quote.py >> 第24行  - 京AC1122发起续保 
[2021-01-07 17:27:30] [INFO] >> Interface_quote.py >> 第43行  - 获取续保响应结果 
[2021-01-07 17:27:30] [INFO] >> Interface_quote.py >> 第46行  - 新增车牌成功 
[2021-01-07 17:27:30] [INFO] >> CustomerList.py >> 第29行  - 获取京AC1122查询结果 
[2021-01-07 17:27:30] [INFO] >> CustomerList.py >> 第33行  - 客户列表查询车牌通过 
[2021-01-07 17:27:30] [INFO] >> CustomerList.py >> 第48行  - 根据buid录入出单，默认录入人保 
[2021-01-07 17:27:30] [INFO] >> CustomerList.py >> 第51行  - 客户列表查询京AC1122是否存在 
[2021-01-07 17:27:30] [INFO] >> CustomerList.py >> 第29行  - 获取京AC1122查询结果 
[2021-01-07 17:27:31] [INFO] >> CustomerList.py >> 第33行  - 客户列表查询车牌通过 
[2021-01-07 17:27:31] [INFO] >> CustomerList.py >> 第56行  - 查询结果拿第一个buid 
[2021-01-07 17:27:31] [INFO] >> CustomerList.py >> 第65行  - 发起录入出单请求 
[2021-01-07 17:27:31] [INFO] >> CustomerList.py >> 第86行  - 本年度已出过保单,提交覆盖 
[2021-01-07 17:27:31] [INFO] >> CustomerList.py >> 第100行  - 获取响应message校验是否出单成功 
[2021-01-07 17:27:33] [INFO] >> CustomerList.py >> 第108行  - 出单成功，校验buid[600976286]是否一致 
[2021-01-07 17:27:33] [INFO] >> CustomerList.py >> 第111行  - 校验出单状态、录入保司、金额是否一致 
[2021-01-07 17:27:33] [INFO] >> CustomerList.py >> 第114行  - 出单成功 
[2021-01-07 17:27:33] [INFO] >> chudanzhanbai.py >> 第21行  - 出单列表查询 
[2021-01-07 17:27:33] [INFO] >> chudanzhanbai.py >> 第32行  - 出单列表查询通过 
[2021-01-07 17:27:33] [INFO] >> TestCase.py >> 第48行  - 用例：顶级账户计划回访数据量对比，使用账号：jiao 
[2021-01-07 17:27:33] [INFO] >> Headers.py >> 第64行  - 返回token 
[2021-01-07 17:27:33] [INFO] >> CustomerList.py >> 第374行  - 获取接口返回的计划回访数量 
[2021-01-07 17:27:34] [INFO] >> CustomerList.py >> 第386行  - 列表形式返回计划回访数量：[94, 378, 171, 145, 191, 226, 167, 170, 133] 
[2021-01-07 17:27:34] [INFO] >> CustomerList.py >> 第394行  - 循环获取计划回访每个TAB页的数据 
[2021-01-07 17:27:34] [INFO] >> CustomerList.py >> 第394行  - 循环获取计划回访每个TAB页的数据 
[2021-01-07 17:27:34] [INFO] >> CustomerList.py >> 第394行  - 循环获取计划回访每个TAB页的数据 
[2021-01-07 17:27:35] [INFO] >> CustomerList.py >> 第394行  - 循环获取计划回访每个TAB页的数据 
[2021-01-07 17:27:35] [INFO] >> CustomerList.py >> 第394行  - 循环获取计划回访每个TAB页的数据 
[2021-01-07 17:28:25] [INFO] >> TestCase.py >> 第35行  - 用例：新增数据——录入出单流程 
[2021-01-07 17:28:25] [INFO] >> Interface_quote.py >> 第24行  - 京AC1122发起续保 
[2021-01-07 17:28:26] [INFO] >> Interface_quote.py >> 第43行  - 获取续保响应结果 
[2021-01-07 17:28:26] [INFO] >> Interface_quote.py >> 第46行  - 新增车牌成功 
[2021-01-07 17:28:26] [INFO] >> CustomerList.py >> 第29行  - 获取京AC1122查询结果 
[2021-01-07 17:28:27] [INFO] >> CustomerList.py >> 第33行  - 客户列表查询车牌通过 
[2021-01-07 17:28:27] [INFO] >> CustomerList.py >> 第48行  - 根据buid录入出单，默认录入人保 
[2021-01-07 17:28:27] [INFO] >> CustomerList.py >> 第51行  - 客户列表查询京AC1122是否存在 
[2021-01-07 17:28:27] [INFO] >> CustomerList.py >> 第29行  - 获取京AC1122查询结果 
[2021-01-07 17:28:27] [INFO] >> CustomerList.py >> 第33行  - 客户列表查询车牌通过 
[2021-01-07 17:28:27] [INFO] >> CustomerList.py >> 第56行  - 查询结果拿第一个buid 
[2021-01-07 17:28:27] [INFO] >> CustomerList.py >> 第65行  - 发起录入出单请求 
[2021-01-07 17:28:27] [INFO] >> CustomerList.py >> 第86行  - 本年度已出过保单,提交覆盖 
[2021-01-07 17:28:27] [INFO] >> CustomerList.py >> 第100行  - 获取响应message校验是否出单成功 
[2021-01-07 17:28:29] [INFO] >> CustomerList.py >> 第108行  - 出单成功，校验buid[600976286]是否一致 
[2021-01-07 17:28:29] [INFO] >> CustomerList.py >> 第111行  - 校验出单状态、录入保司、金额是否一致 
[2021-01-07 17:28:29] [INFO] >> CustomerList.py >> 第114行  - 出单成功 
[2021-01-07 17:28:29] [INFO] >> chudanzhanbai.py >> 第21行  - 出单列表查询 
[2021-01-07 17:28:29] [INFO] >> chudanzhanbai.py >> 第32行  - 出单列表查询通过 
[2021-01-07 17:28:29] [INFO] >> TestCase.py >> 第48行  - 用例：顶级账户计划回访数据量对比，使用账号：jiao 
[2021-01-07 17:28:29] [INFO] >> Headers.py >> 第64行  - 返回token 
[2021-01-07 17:28:29] [INFO] >> CustomerList.py >> 第374行  - 获取接口返回的计划回访数量 
[2021-01-07 17:28:30] [INFO] >> CustomerList.py >> 第386行  - 列表形式返回计划回访数量：[94, 378, 171, 145, 191, 226, 167, 170, 133] 
[2021-01-07 17:28:30] [INFO] >> CustomerList.py >> 第394行  - 循环获取计划回访每个TAB页的数据 
[2021-01-07 17:28:30] [INFO] >> CustomerList.py >> 第394行  - 循环获取计划回访每个TAB页的数据 
[2021-01-07 17:28:31] [INFO] >> CustomerList.py >> 第394行  - 循环获取计划回访每个TAB页的数据 
[2021-01-07 17:28:31] [INFO] >> CustomerList.py >> 第394行  - 循环获取计划回访每个TAB页的数据 
[2021-01-07 17:28:31] [INFO] >> CustomerList.py >> 第394行  - 循环获取计划回访每个TAB页的数据 
[2021-01-07 17:28:32] [INFO] >> CustomerList.py >> 第394行  - 循环获取计划回访每个TAB页的数据 
[2021-01-07 17:28:32] [INFO] >> CustomerList.py >> 第394行  - 循环获取计划回访每个TAB页的数据 
[2021-01-07 17:28:33] [INFO] >> CustomerList.py >> 第394行  - 循环获取计划回访每个TAB页的数据 
[2021-01-07 17:28:33] [INFO] >> CustomerList.py >> 第394行  - 循环获取计划回访每个TAB页的数据 
[2021-01-07 17:28:33] [INFO] >> TestCase.py >> 第71行  - 用例：校验报价成功的数据是否有报价历史 
[2021-01-07 17:28:33] [INFO] >> CustomerList.py >> 第405行  - 筛选报价成功数据 
[2021-01-07 17:28:34] [INFO] >> CustomerList.py >> 第412行  - 返回筛选结果 
[2021-01-07 17:28:34] [INFO] >> CustomerList.py >> 第420行  - 获取报价历史 
[2021-01-07 17:28:34] [INFO] >> CustomerList.py >> 第425行  - 返回报价历史结果 
[2021-01-07 17:28:34] [INFO] >> TestCase.py >> 第81行  - 用例：校验切换报价历史是否成功 
[2021-01-07 17:28:34] [INFO] >> CustomerList.py >> 第405行  - 筛选报价成功数据 
[2021-01-07 17:28:34] [INFO] >> CustomerList.py >> 第412行  - 返回筛选结果 
[2021-01-07 17:28:34] [INFO] >> CustomerList.py >> 第420行  - 获取报价历史 
[2021-01-07 17:28:34] [INFO] >> CustomerList.py >> 第425行  - 返回报价历史结果 
[2021-01-07 17:28:34] [INFO] >> CustomerList.py >> 第433行  - 根据报价历史id切换报价历史 
[2021-01-07 17:28:34] [INFO] >> CustomerList.py >> 第438行  - 报价历史已切换 
[2021-01-07 17:28:34] [INFO] >> TestCase.py >> 第101行  - 用例：下级账户计划回访数据量对比,使用账号：18612938273 
[2021-01-07 17:28:34] [INFO] >> Headers.py >> 第64行  - 返回token 
[2021-01-07 17:28:34] [INFO] >> CustomerList.py >> 第374行  - 获取接口返回的计划回访数量 
[2021-01-07 17:28:34] [INFO] >> CustomerList.py >> 第386行  - 列表形式返回计划回访数量：[24, 42, 40, 14, 36, 30, 30, 0, 21] 
[2021-01-07 17:28:34] [INFO] >> CustomerList.py >> 第394行  - 循环获取计划回访每个TAB页的数据 
[2021-01-07 17:28:35] [INFO] >> CustomerList.py >> 第394行  - 循环获取计划回访每个TAB页的数据 
[2021-01-07 17:28:35] [INFO] >> CustomerList.py >> 第394行  - 循环获取计划回访每个TAB页的数据 
[2021-01-07 17:28:35] [INFO] >> CustomerList.py >> 第394行  - 循环获取计划回访每个TAB页的数据 
[2021-01-07 17:28:35] [INFO] >> CustomerList.py >> 第394行  - 循环获取计划回访每个TAB页的数据 
[2021-01-07 17:28:35] [INFO] >> CustomerList.py >> 第394行  - 循环获取计划回访每个TAB页的数据 
[2021-01-07 17:28:35] [INFO] >> CustomerList.py >> 第394行  - 循环获取计划回访每个TAB页的数据 
[2021-01-07 17:28:36] [INFO] >> CustomerList.py >> 第394行  - 循环获取计划回访每个TAB页的数据 
[2021-01-07 17:28:36] [INFO] >> CustomerList.py >> 第394行  - 循环获取计划回访每个TAB页的数据 
[2021-01-07 17:28:36] [INFO] >> TestCase.py >> 第126行  - 用例：客户列表分配，使用账号wanyuanhao,分配人：17501110001 
[2021-01-07 17:28:36] [INFO] >> TestCase.py >> 第127行  - 执行分配用例 
[2021-01-07 17:28:36] [INFO] >> Headers.py >> 第64行  - 返回token 
[2021-01-07 17:28:36] [INFO] >> CustomerList.py >> 第259行  - 客户列表分配 
[2021-01-07 17:28:36] [INFO] >> CustomerList.py >> 第266行  - 获取客户列表全部客户的数据 
[2021-01-07 17:28:36] [INFO] >> CustomerList.py >> 第272行  - 拿到前4个buid 
[2021-01-07 17:28:36] [INFO] >> CustomerList.py >> 第284行  - 分配数据[[600976286, 601002991, 601002994, 601002993]]给ID为(287523)的用户 
[2021-01-07 17:28:36] [INFO] >> CustomerList.py >> 第294行  - 校验分配人员是否匹配 
[2021-01-07 17:28:36] [INFO] >> TestCase.py >> 第135行  - 用例：使用全部客户第5条数据录入战败 
[2021-01-07 17:28:36] [INFO] >> CustomerList.py >> 第445行  - 获取全部客户数据 
[2021-01-07 17:28:37] [INFO] >> CustomerList.py >> 第134行  - 录入战败 
[2021-01-07 17:28:37] [INFO] >> CustomerList.py >> 第136行  - 客户列表查询京B00074是否存在 
[2021-01-07 17:28:37] [INFO] >> CustomerList.py >> 第29行  - 获取京B00074查询结果 
[2021-01-07 17:28:37] [INFO] >> CustomerList.py >> 第33行  - 客户列表查询车牌通过 
[2021-01-07 17:28:37] [INFO] >> CustomerList.py >> 第139行  - 校验查询结果是否为真 
[2021-01-07 17:28:39] [INFO] >> CustomerList.py >> 第159行  - 录入战败通过 
[2021-01-07 17:28:39] [INFO] >> chudanzhanbai.py >> 第46行  - 战败列表查询 
[2021-01-07 17:28:39] [INFO] >> chudanzhanbai.py >> 第57行  - 战败列表查询通过 
[2021-01-07 17:28:39] [INFO] >> TestCase.py >> 第145行  - 用例：使用全部客户第8条数据录入续保跟进 
[2021-01-07 17:28:39] [INFO] >> CustomerList.py >> 第445行  - 获取全部客户数据 
[2021-01-07 17:28:40] [INFO] >> CustomerList.py >> 第462行  - [buid:601002968]录入普通跟进 
[2021-01-07 17:28:40] [INFO] >> CustomerList.py >> 第468行  - 请求录入跟进 
[2021-01-07 17:28:40] [INFO] >> CustomerList.py >> 第470行  - 返回录入跟进响应结果：{'data': {'coverCode': 0, 'deteatId': None, 'carPolicyId': None}, 'code': 1, 'message': '成功'} 
[2021-01-07 17:28:40] [INFO] >> TestCase.py >> 第153行  - 用例：客户列表不筛选导出全部客户TAB数据 
[2021-01-07 17:28:40] [INFO] >> CustomerList.py >> 第477行  - 客户列表导出 
[2021-01-07 17:28:47] [INFO] >> CustomerList.py >> 第484行  - 返回导出响应结果：{'code': 1, 'message': '操作成功', 'data': 'https://image.91bihu.com/customer/2021/1/7/171383/ad6a1f9236444d659f8b64b06149332f.zip'} 
[2021-01-07 17:28:47] [INFO] >> TestCase.py >> 第159行  - 用例：客户列表筛选（战败）导出全部客户数据 
[2021-01-07 17:28:47] [INFO] >> CustomerList.py >> 第487行  - 客户列表导出 
[2021-01-07 17:28:47] [INFO] >> CustomerList.py >> 第495行  - 返回导出响应结果：{'code': 1, 'message': '操作成功', 'data': 'https://image.91bihu.com/customer/2021/1/7/171383/e06d6e83fcdd4e2a934cd9952db18bc8.zip'} 
[2021-01-07 17:28:47] [INFO] >> TestCase.py >> 第166行  - 用例：定保录入成功预约 
[2021-01-07 17:28:47] [INFO] >> CustomerList.py >> 第445行  - 获取全部客户数据 
[2021-01-07 17:28:47] [INFO] >> CustomerList.py >> 第504行  - 定保录入成功预约 
[2021-01-07 17:28:48] [INFO] >> CustomerList.py >> 第512行  - 校验响应结果：{'data': {'coverCode': 0, 'deteatId': None, 'carPolicyId': None}, 'code': 1, 'message': '成功'} 
[2021-01-07 17:28:48] [INFO] >> CustomerList.py >> 第514行  - 定保录入成功 
[2021-01-07 17:28:48] [INFO] >> TestCase.py >> 第174行  - 用例：定保录入战败 
[2021-01-07 17:28:48] [INFO] >> CustomerList.py >> 第445行  - 获取全部客户数据 
[2021-01-07 17:28:48] [INFO] >> CustomerList.py >> 第531行  - 定保录入战败 
[2021-01-07 17:28:48] [INFO] >> CustomerList.py >> 第540行  - 校验响应结果：{'data': {'coverCode': 1, 'deteatId': None, 'carPolicyId': 56}, 'code': 1, 'message': '系统监测您今天已存在定保预约出单/战败记录，重新提交后会覆盖原预约出单/战败记录，确认执行？'} 
[2021-01-07 17:28:48] [INFO] >> CustomerList.py >> 第545行  - 定保出单重复，确认覆盖 
[2021-01-07 17:28:48] [INFO] >> CustomerList.py >> 第531行  - 定保录入战败 
[2021-01-07 17:28:48] [INFO] >> CustomerList.py >> 第540行  - 校验响应结果：{'data': {'coverCode': 0, 'deteatId': None, 'carPolicyId': None}, 'code': 1, 'message': '成功'} 
[2021-01-07 17:28:48] [INFO] >> CustomerList.py >> 第542行  - 定保录入成功 
[2021-01-07 17:29:08] [INFO] >> CustomerList.py >> 第559行  - 上传文件 
[2021-01-07 17:29:08] [INFO] >> CustomerList.py >> 第566行  - 文件已上传到服务器：BatchRenewal/2021/1/7/171383/6f283195702d4b4c845b5ba722248435.xlsx 
[2021-01-07 17:29:08] [INFO] >> CustomerList.py >> 第567行  - 默认FindDeptId: 2869（部门ID），只适用于wanyuanhao账号，上传城市为【北京】 
[2021-01-07 17:29:08] [INFO] >> CustomerList.py >> 第575行  - 文件上传成功：{'data': {'isValid': True, 'name': '自动化上传.xlsx', 'batchRenewalId': 401336}, 'code': 1, 'message': '上传成功'} 
