[2021-01-05 10:34:06] [INFO] >> Test_case.py >> 第37行  - 用例：新增数据——录入出单流程 
[2021-01-05 10:34:06] [INFO] >> Interface_quote.py >> 第22行  - 京AC1122发起续保 
[2021-01-05 10:34:07] [INFO] >> Interface_quote.py >> 第41行  - 获取续保响应结果 
[2021-01-05 10:34:07] [INFO] >> Interface_quote.py >> 第44行  - 新增车牌成功 
[2021-01-05 10:34:07] [INFO] >> CustomerList.py >> 第27行  - 获取京AC1122查询结果 
[2021-01-05 10:34:07] [INFO] >> CustomerList.py >> 第31行  - 客户列表查询车牌通过 
[2021-01-05 10:34:07] [INFO] >> CustomerList.py >> 第46行  - 根据buid录入出单，默认录入人保 
[2021-01-05 10:34:07] [INFO] >> CustomerList.py >> 第49行  - 客户列表查询京AC1122是否存在 
[2021-01-05 10:34:07] [INFO] >> CustomerList.py >> 第27行  - 获取京AC1122查询结果 
[2021-01-05 10:34:08] [INFO] >> CustomerList.py >> 第31行  - 客户列表查询车牌通过 
[2021-01-05 10:34:08] [INFO] >> CustomerList.py >> 第54行  - 查询结果拿第一个buid 
[2021-01-05 10:34:08] [INFO] >> CustomerList.py >> 第63行  - 发起录入出单请求 
[2021-01-05 10:34:08] [INFO] >> CustomerList.py >> 第82行  - 本年度已出过保单,提交覆盖 
[2021-01-05 10:34:08] [INFO] >> CustomerList.py >> 第96行  - 获取响应message校验是否出单成功 
[2021-01-05 10:34:08] [INFO] >> CustomerList.py >> 第102行  - 出单成功，校验buid[600976286]是否一致 
[2021-01-05 10:34:08] [INFO] >> CustomerList.py >> 第105行  - 校验出单状态、录入保司、金额是否一致 
[2021-01-05 10:34:08] [INFO] >> CustomerList.py >> 第108行  - 出单成功 
[2021-01-05 10:34:08] [INFO] >> chudanzhanbai.py >> 第21行  - 出单列表查询 
[2021-01-05 10:34:08] [INFO] >> chudanzhanbai.py >> 第32行  - 出单列表查询通过 
[2021-01-05 10:34:08] [INFO] >> Test_case.py >> 第51行  - 用例：顶级账户计划回访数据量对比，使用账号：jiao 
[2021-01-05 10:34:08] [INFO] >> Headers.py >> 第64行  - 返回token 
[2021-01-05 10:34:08] [INFO] >> CustomerList.py >> 第365行  - 获取接口返回的计划回访数量 
[2021-01-05 10:34:09] [INFO] >> CustomerList.py >> 第377行  - 列表形式返回计划回访数量：[294, 281, 317, 253, 53, 39, 162, 52, 101] 
[2021-01-05 10:34:09] [INFO] >> CustomerList.py >> 第385行  - 循环获取计划回访每个TAB页的数据 
[2021-01-05 10:34:09] [INFO] >> CustomerList.py >> 第385行  - 循环获取计划回访每个TAB页的数据 
[2021-01-05 10:34:10] [INFO] >> CustomerList.py >> 第385行  - 循环获取计划回访每个TAB页的数据 
[2021-01-05 10:34:10] [INFO] >> CustomerList.py >> 第385行  - 循环获取计划回访每个TAB页的数据 
[2021-01-05 10:34:11] [INFO] >> CustomerList.py >> 第385行  - 循环获取计划回访每个TAB页的数据 
[2021-01-05 10:34:11] [INFO] >> CustomerList.py >> 第385行  - 循环获取计划回访每个TAB页的数据 
[2021-01-05 10:34:11] [INFO] >> CustomerList.py >> 第385行  - 循环获取计划回访每个TAB页的数据 
[2021-01-05 10:34:12] [INFO] >> CustomerList.py >> 第385行  - 循环获取计划回访每个TAB页的数据 
[2021-01-05 10:34:22] [INFO] >> Test_case.py >> 第167行  - 用例：定保录入成功预约 
[2021-01-05 10:34:23] [INFO] >> CustomerList.py >> 第436行  - 获取全部客户数据 
[2021-01-05 10:34:44] [INFO] >> CustomerList.py >> 第495行  - 定保录入成功预约 
[2021-01-05 10:35:44] [INFO] >> CustomerList.py >> 第503行  - 开始校验响应结果：{'data': {'coverCode': 0, 'deteatId': None, 'carPolicyId': None}, 'code': 1, 'message': '成功'} 
[2021-01-05 10:35:48] [INFO] >> CustomerList.py >> 第505行  - 定保录入成功 
[2021-01-05 10:36:42] [INFO] >> Test_case.py >> 第167行  - 用例：定保录入成功预约 
[2021-01-05 10:36:43] [INFO] >> CustomerList.py >> 第436行  - 获取全部客户数据 
[2021-01-05 10:37:02] [INFO] >> CustomerList.py >> 第495行  - 定保录入成功预约 
[2021-01-05 10:37:08] [INFO] >> CustomerList.py >> 第503行  - 开始校验响应结果：{'data': {'coverCode': 1, 'deteatId': None, 'carPolicyId': 50}, 'code': 1, 'message': '系统监测您今天已存在定保预约出单/战败记录，重新提交后会覆盖原预约出单/战败记录，确认执行？'} 
[2021-01-05 10:37:13] [INFO] >> CustomerList.py >> 第508行  - 定保出单重复，确认覆盖 
[2021-01-05 10:38:58] [INFO] >> Test_case.py >> 第167行  - 用例：定保录入成功预约 
[2021-01-05 10:38:59] [INFO] >> CustomerList.py >> 第436行  - 获取全部客户数据 
[2021-01-05 10:39:02] [INFO] >> CustomerList.py >> 第495行  - 定保录入成功预约 
[2021-01-05 10:39:13] [INFO] >> CustomerList.py >> 第503行  - 开始校验响应结果：{'data': {'coverCode': 1, 'deteatId': None, 'carPolicyId': 50}, 'code': 1, 'message': '系统监测您今天已存在定保预约出单/战败记录，重新提交后会覆盖原预约出单/战败记录，确认执行？'} 
[2021-01-05 10:39:30] [INFO] >> CustomerList.py >> 第508行  - 定保出单重复，确认覆盖 
[2021-01-05 10:39:44] [INFO] >> CustomerList.py >> 第495行  - 定保录入成功预约 
[2021-01-05 10:40:11] [INFO] >> CustomerList.py >> 第503行  - 开始校验响应结果：{'data': {'coverCode': 0, 'deteatId': None, 'carPolicyId': None}, 'code': 1, 'message': '成功'} 
[2021-01-05 10:40:13] [INFO] >> CustomerList.py >> 第505行  - 定保录入成功 
[2021-01-05 10:59:45] [INFO] >> Test_case.py >> 第174行  - 用例：定保录入战败 
[2021-01-05 10:59:46] [INFO] >> CustomerList.py >> 第436行  - 获取全部客户数据 
