[2021-01-07 18:12:49] [INFO] >> TestCase.py >> 第182行  - 用例：批量续保文件上传 
[2021-01-07 18:12:52] [INFO] >> CustomerList.py >> 第559行  - 上传文件 
[2021-01-07 18:12:52] [INFO] >> CustomerList.py >> 第566行  - 文件已上传到服务器：BatchRenewal/2021/1/7/171383/b277a2cd562d44bda667aeb94cec5403.xlsx 
[2021-01-07 18:12:52] [INFO] >> CustomerList.py >> 第567行  - 默认FindDeptId: 2869（部门ID），只适用于wanyuanhao账号，上传城市为【北京】 
[2021-01-07 18:12:53] [INFO] >> CustomerList.py >> 第575行  - 文件上传成功：{'data': {'isValid': True, 'name': '自动化上传.xlsx', 'batchRenewalId': 401337}, 'code': 1, 'message': '上传成功'} 
[2021-01-07 18:17:06] [INFO] >> TestCase.py >> 第182行  - 用例：批量续保文件上传 
[2021-01-07 18:17:07] [INFO] >> CustomerList.py >> 第559行  - 上传文件 
[2021-01-07 18:17:08] [INFO] >> CustomerList.py >> 第566行  - 文件已上传到服务器：BatchRenewal/2021/1/7/171383/697381f46206419abba829810c6bef09.xlsx 
[2021-01-07 18:17:08] [INFO] >> CustomerList.py >> 第567行  - 默认FindDeptId: 2869（部门ID），只适用于wanyuanhao账号，上传城市为【北京】 
[2021-01-07 18:17:08] [INFO] >> CustomerList.py >> 第575行  - 文件上传成功：{'data': {'isValid': True, 'name': '自动化上传.xlsx', 'batchRenewalId': 401338}, 'code': 1, 'message': '上传成功'} 
[2021-01-07 18:17:11] [INFO] >> CustomerList.py >> 第589行  - 通过上传结果response校验上传结果:[True, {'data': {'isValid': True, 'name': '自动化上传.xlsx', 'batchRenewalId': 401338}, 'code': 1, 'message': '上传成功'}] 
[2021-01-07 18:19:29] [INFO] >> TestCase.py >> 第182行  - 用例：批量续保文件上传 
[2021-01-07 18:19:30] [INFO] >> CustomerList.py >> 第559行  - 上传文件 
[2021-01-07 18:19:30] [INFO] >> CustomerList.py >> 第566行  - 文件已上传到服务器：BatchRenewal/2021/1/7/171383/c866d10acbc44cc7b77c4061d7f12669.xlsx 
[2021-01-07 18:19:30] [INFO] >> CustomerList.py >> 第567行  - 默认FindDeptId: 2869（部门ID），只适用于wanyuanhao账号，上传城市为【北京】 
[2021-01-07 18:19:31] [INFO] >> CustomerList.py >> 第575行  - 文件上传成功：{'data': {'isValid': True, 'name': '自动化上传.xlsx', 'batchRenewalId': 401339}, 'code': 1, 'message': '上传成功'} 
[2021-01-07 18:19:32] [INFO] >> CustomerList.py >> 第589行  - 通过上传结果response校验上传结果:[True, {'data': {'isValid': True, 'name': '自动化上传.xlsx', 'batchRenewalId': 401339}, 'code': 1, 'message': '上传成功'}] 
[2021-01-07 18:19:50] [INFO] >> CustomerList.py >> 第593行  - 等待3秒获取列表批次，校验ID是否存在列表 
[2021-01-07 18:30:27] [INFO] >> TestCase.py >> 第182行  - 用例：批量续保文件上传 
[2021-01-07 18:30:28] [INFO] >> CustomerList.py >> 第559行  - 上传文件 
[2021-01-07 18:30:29] [INFO] >> CustomerList.py >> 第566行  - 文件已上传到服务器：BatchRenewal/2021/1/7/171383/6b2f33becc8f48349341298060359a10.xlsx 
[2021-01-07 18:30:29] [INFO] >> CustomerList.py >> 第567行  - 默认FindDeptId: 2869（部门ID），只适用于wanyuanhao账号，上传城市为【北京】 
[2021-01-07 18:30:29] [INFO] >> CustomerList.py >> 第575行  - 文件上传成功：{'data': {'isValid': True, 'name': '自动化上传.xlsx', 'batchRenewalId': 401340}, 'code': 1, 'message': '上传成功'} 
[2021-01-07 18:30:30] [INFO] >> CustomerList.py >> 第589行  - 通过上传结果response校验上传结果:[True, {'data': {'isValid': True, 'name': '自动化上传.xlsx', 'batchRenewalId': 401340}, 'code': 1, 'message': '上传成功'}] 
[2021-01-07 18:31:28] [INFO] >> TestCase.py >> 第182行  - 用例：批量续保文件上传 
[2021-01-07 18:31:29] [INFO] >> CustomerList.py >> 第559行  - 上传文件 
[2021-01-07 18:31:30] [INFO] >> CustomerList.py >> 第566行  - 文件已上传到服务器：BatchRenewal/2021/1/7/171383/8bc60e8a1a324a9bbc630f9a1071fd04.xlsx 
[2021-01-07 18:31:30] [INFO] >> CustomerList.py >> 第567行  - 默认FindDeptId: 2869（部门ID），只适用于wanyuanhao账号，上传城市为【北京】 
[2021-01-07 18:31:30] [INFO] >> CustomerList.py >> 第575行  - 文件上传成功：{'data': {'isValid': True, 'name': '自动化上传.xlsx', 'batchRenewalId': 401341}, 'code': 1, 'message': '上传成功'} 
[2021-01-07 18:31:32] [INFO] >> CustomerList.py >> 第589行  - 通过上传结果response校验上传结果:{'data': {'isValid': True, 'name': '自动化上传.xlsx', 'batchRenewalId': 401341}, 'code': 1, 'message': '上传成功'} 
[2021-01-07 18:33:11] [INFO] >> TestCase.py >> 第182行  - 用例：批量续保文件上传 
[2021-01-07 18:33:12] [INFO] >> CustomerList.py >> 第559行  - 上传文件 
[2021-01-07 18:33:13] [INFO] >> CustomerList.py >> 第566行  - 文件已上传到服务器：BatchRenewal/2021/1/7/171383/8c0bd512f2074e6386a21754abc7132c.xlsx 
[2021-01-07 18:33:13] [INFO] >> CustomerList.py >> 第567行  - 默认FindDeptId: 2869（部门ID），只适用于wanyuanhao账号，上传城市为【北京】 
[2021-01-07 18:33:13] [INFO] >> CustomerList.py >> 第575行  - 文件上传成功：{'data': {'isValid': True, 'name': '自动化上传.xlsx', 'batchRenewalId': 401342}, 'code': 1, 'message': '上传成功'} 
[2021-01-07 18:33:14] [INFO] >> CustomerList.py >> 第589行  - 通过上传结果response校验上传结果:{'data': {'isValid': True, 'name': '自动化上传.xlsx', 'batchRenewalId': 401342}, 'code': 1, 'message': '上传成功'} 
[2021-01-07 18:33:18] [INFO] >> CustomerList.py >> 第593行  - 等待3秒获取列表批次，校验ID是否存在列表 
