[2021-01-05 09:51:08] [INFO] >> run_case.py >> 第17行  - 登录账户获取touken 
[2021-01-05 09:51:08] [INFO] >> Headers.py >> 第40行  - token更新到config文件 
[2021-01-05 09:51:08] [INFO] >> Headers.py >> 第42行  - 返回token 
[2021-01-05 09:51:08] [INFO] >> Test_case.py >> 第37行  - 新增数据——录入出单流程 
[2021-01-05 09:51:08] [INFO] >> Interface_quote.py >> 第22行  - 京AC1122发起续保 
[2021-01-05 09:51:09] [INFO] >> Interface_quote.py >> 第41行  - 获取续保响应结果 
[2021-01-05 09:51:09] [INFO] >> Interface_quote.py >> 第44行  - 新增车牌成功 
[2021-01-05 09:51:09] [INFO] >> CustomerList.py >> 第27行  - 获取京AC1122查询结果 
[2021-01-05 09:51:09] [INFO] >> CustomerList.py >> 第31行  - 客户列表查询车牌通过 
[2021-01-05 09:51:09] [INFO] >> CustomerList.py >> 第46行  - 根据buid录入出单，默认录入人保 
[2021-01-05 09:51:09] [INFO] >> CustomerList.py >> 第49行  - 客户列表查询京AC1122是否存在 
[2021-01-05 09:51:09] [INFO] >> CustomerList.py >> 第27行  - 获取京AC1122查询结果 
[2021-01-05 09:51:09] [INFO] >> CustomerList.py >> 第31行  - 客户列表查询车牌通过 
[2021-01-05 09:51:09] [INFO] >> CustomerList.py >> 第54行  - 查询结果拿第一个buid 
[2021-01-05 09:51:09] [INFO] >> CustomerList.py >> 第63行  - 发起录入出单请求 
[2021-01-05 09:51:09] [INFO] >> CustomerList.py >> 第82行  - 本年度已出过保单,提交覆盖 
[2021-01-05 09:51:09] [INFO] >> CustomerList.py >> 第96行  - 获取响应message校验是否出单成功 
[2021-01-05 09:51:10] [INFO] >> CustomerList.py >> 第102行  - 出单成功，校验buid[600976286]是否一致 
[2021-01-05 09:51:10] [INFO] >> CustomerList.py >> 第105行  - 校验出单状态、录入保司、金额是否一致 
[2021-01-05 09:51:10] [INFO] >> CustomerList.py >> 第108行  - 出单成功 
[2021-01-05 09:51:10] [INFO] >> chudanzhanbai.py >> 第21行  - 出单列表查询 
[2021-01-05 09:51:10] [INFO] >> chudanzhanbai.py >> 第32行  - 出单列表查询通过 
[2021-01-05 09:51:10] [INFO] >> Test_case.py >> 第51行  - 顶级账户计划回访数据量对比，使用账号：jiao 
[2021-01-05 09:51:10] [INFO] >> Headers.py >> 第64行  - 返回token 
[2021-01-05 09:51:10] [INFO] >> CustomerList.py >> 第365行  - 获取接口返回的计划回访数量 
[2021-01-05 09:51:10] [INFO] >> CustomerList.py >> 第377行  - 列表形式返回计划回访数量：[317, 281, 317, 248, 51, 39, 162, 28, 98] 
[2021-01-05 09:51:10] [INFO] >> CustomerList.py >> 第385行  - 循环获取计划回访每个TAB页的数据 
[2021-01-05 09:51:11] [INFO] >> CustomerList.py >> 第385行  - 循环获取计划回访每个TAB页的数据 
[2021-01-05 09:51:11] [INFO] >> CustomerList.py >> 第385行  - 循环获取计划回访每个TAB页的数据 
[2021-01-05 09:51:12] [INFO] >> CustomerList.py >> 第385行  - 循环获取计划回访每个TAB页的数据 
[2021-01-05 09:51:12] [INFO] >> CustomerList.py >> 第385行  - 循环获取计划回访每个TAB页的数据 
[2021-01-05 09:51:13] [INFO] >> CustomerList.py >> 第385行  - 循环获取计划回访每个TAB页的数据 
[2021-01-05 09:51:13] [INFO] >> CustomerList.py >> 第385行  - 循环获取计划回访每个TAB页的数据 
[2021-01-05 09:51:14] [INFO] >> CustomerList.py >> 第385行  - 循环获取计划回访每个TAB页的数据 
[2021-01-05 09:51:14] [INFO] >> CustomerList.py >> 第385行  - 循环获取计划回访每个TAB页的数据 
[2021-01-05 09:51:14] [INFO] >> Test_case.py >> 第74行  - 校验报价成功的数据是否有报价历史 
[2021-01-05 09:51:14] [INFO] >> CustomerList.py >> 第396行  - 筛选报价成功数据 
[2021-01-05 09:51:14] [INFO] >> CustomerList.py >> 第403行  - 返回筛选结果 
[2021-01-05 09:51:14] [INFO] >> CustomerList.py >> 第411行  - 获取报价历史 
[2021-01-05 09:51:14] [INFO] >> CustomerList.py >> 第416行  - 返回报价历史结果 
[2021-01-05 09:51:14] [INFO] >> Test_case.py >> 第84行  - 校验切换报价历史是否成功 
[2021-01-05 09:51:14] [INFO] >> CustomerList.py >> 第396行  - 筛选报价成功数据 
[2021-01-05 09:51:15] [INFO] >> CustomerList.py >> 第403行  - 返回筛选结果 
[2021-01-05 09:51:15] [INFO] >> CustomerList.py >> 第411行  - 获取报价历史 
[2021-01-05 09:51:15] [INFO] >> CustomerList.py >> 第416行  - 返回报价历史结果 
[2021-01-05 09:51:15] [INFO] >> CustomerList.py >> 第424行  - 根据报价历史id切换报价历史 
[2021-01-05 09:51:15] [INFO] >> CustomerList.py >> 第429行  - 报价历史已切换 
[2021-01-05 09:51:15] [INFO] >> Test_case.py >> 第104行  - 下级账户计划回访数据量对比,使用账号：18612938273 
[2021-01-05 09:51:15] [INFO] >> Headers.py >> 第64行  - 返回token 
[2021-01-05 09:51:15] [INFO] >> CustomerList.py >> 第365行  - 获取接口返回的计划回访数量 
[2021-01-05 09:51:15] [INFO] >> CustomerList.py >> 第377行  - 列表形式返回计划回访数量：[42, 48, 21, 28, 16, 14, 36, 12, 26] 
[2021-01-05 09:51:15] [INFO] >> CustomerList.py >> 第385行  - 循环获取计划回访每个TAB页的数据 
[2021-01-05 09:51:15] [INFO] >> CustomerList.py >> 第385行  - 循环获取计划回访每个TAB页的数据 
[2021-01-05 09:51:16] [INFO] >> CustomerList.py >> 第385行  - 循环获取计划回访每个TAB页的数据 
[2021-01-05 09:51:16] [INFO] >> CustomerList.py >> 第385行  - 循环获取计划回访每个TAB页的数据 
[2021-01-05 09:51:16] [INFO] >> CustomerList.py >> 第385行  - 循环获取计划回访每个TAB页的数据 
[2021-01-05 09:51:16] [INFO] >> CustomerList.py >> 第385行  - 循环获取计划回访每个TAB页的数据 
[2021-01-05 09:51:16] [INFO] >> CustomerList.py >> 第385行  - 循环获取计划回访每个TAB页的数据 
[2021-01-05 09:51:16] [INFO] >> CustomerList.py >> 第385行  - 循环获取计划回访每个TAB页的数据 
[2021-01-05 09:51:17] [INFO] >> CustomerList.py >> 第385行  - 循环获取计划回访每个TAB页的数据 
[2021-01-05 09:51:17] [INFO] >> Test_case.py >> 第127行  - 客户列表分配，使用账号wanyuanhao,分配人：17501110001 
[2021-01-05 09:51:17] [INFO] >> Test_case.py >> 第128行  - 执行分配用例 
[2021-01-05 09:51:17] [INFO] >> Headers.py >> 第64行  - 返回token 
[2021-01-05 09:51:17] [INFO] >> CustomerList.py >> 第250行  - 客户列表分配 
[2021-01-05 09:51:17] [INFO] >> CustomerList.py >> 第257行  - 获取客户列表全部客户的数据 
[2021-01-05 09:51:17] [INFO] >> CustomerList.py >> 第263行  - 拿到前4个buid 
[2021-01-05 09:51:17] [INFO] >> CustomerList.py >> 第275行  - 分配数据[[600976286, 600996685, 600996697, 600996698]]给ID为(287523)的用户 
[2021-01-05 09:51:17] [INFO] >> CustomerList.py >> 第285行  - 校验分配人员是否匹配 
[2021-01-05 09:51:17] [INFO] >> Test_case.py >> 第136行  - 使用全部客户第5条数据录入战败 
[2021-01-05 09:51:17] [INFO] >> CustomerList.py >> 第436行  - 获取全部客户数据 
[2021-01-05 09:51:17] [INFO] >> CustomerList.py >> 第128行  - 录入战败 
[2021-01-05 09:51:17] [INFO] >> CustomerList.py >> 第130行  - 客户列表查询京N8Y1Z1是否存在 
[2021-01-05 09:51:17] [INFO] >> CustomerList.py >> 第27行  - 获取京N8Y1Z1查询结果 
[2021-01-05 09:51:18] [INFO] >> CustomerList.py >> 第31行  - 客户列表查询车牌通过 
[2021-01-05 09:51:18] [INFO] >> CustomerList.py >> 第133行  - 校验查询结果是否为真 
[2021-01-05 09:51:18] [INFO] >> CustomerList.py >> 第152行  - 录入战败通过 
[2021-01-05 09:51:18] [INFO] >> chudanzhanbai.py >> 第46行  - 战败列表查询 
[2021-01-05 09:51:18] [INFO] >> chudanzhanbai.py >> 第57行  - 战败列表查询通过 
[2021-01-05 09:51:18] [INFO] >> CustomerList.py >> 第436行  - 获取全部客户数据 
[2021-01-05 09:51:18] [INFO] >> CustomerList.py >> 第453行  - [buid:600309493]录入普通跟进 
[2021-01-05 09:51:18] [INFO] >> CustomerList.py >> 第459行  - 请求录入跟进 
[2021-01-05 09:51:19] [INFO] >> CustomerList.py >> 第461行  - 返回录入跟进响应结果：{'data': {'coverCode': 0, 'deteatId': None, 'carPolicyId': None}, 'code': 1, 'message': '成功'} 
[2021-01-05 09:51:19] [INFO] >> CustomerList.py >> 第468行  - 客户列表导出 
[2021-01-05 09:51:19] [INFO] >> CustomerList.py >> 第475行  - 返回导出响应结构：{'code': 10003, 'message': '请求发生异常', 'data': None} 
[2021-01-05 09:51:19] [INFO] >> CustomerList.py >> 第478行  - 客户列表导出 
[2021-01-05 09:51:19] [INFO] >> CustomerList.py >> 第486行  - 返回导出响应结构：{'code': 10003, 'message': '请求发生异常', 'data': None} 
[2021-01-05 09:51:19] [INFO] >> run_case.py >> 第34行  - 发送邮件 
