[2021-02-23 15:40:08] [INFO] >> Requests_util.py >> 第10行  - 请求参：[https://bot.91bihu.com/identity/connect/token{'grant_type': 'password', 'username': 'wanyuanhao', 'password': 'wyh12345', 'scope': 'employee_center car_business smart_car_mgts', 'client_id': 'bot', 'client_secret': 'secret'}{}] 
[2021-02-23 15:40:08] [INFO] >> Headers.py >> 第40行  - token更新到config文件 
[2021-02-23 15:40:08] [INFO] >> Headers.py >> 第42行  - 返回token 
[2021-02-23 15:41:58] [INFO] >> CustomerList.py >> 第647行  - 执行modify_category方法 
[2021-02-23 15:42:02] [INFO] >> Requests_util.py >> 第10行  - 请求参：[https://bot.91bihu.com/carbusiness/api/v1/customer/modifyCustomer{'pageIndex': 1, 'pageSize': 15, 'buids': [601069635], 'selectType': 1, 'topLabel': 'tab_quanbukehu', 'orderBy': {'orderByField': 'updateTime', 'orderByType': 'desc'}, 'isFllowUp': '', 'isDataLable': '', 'dataTag': '', 'dataTypeId': 0, 'lastMaintainDayRange': '', 'isMaintain': 1, 'modifyCategoryinfoId': 100034}{}] 
[2021-02-23 15:42:08] [INFO] >> CustomerList.py >> 第656行  - 客户类别修改成功：{'code': 1, 'message': '操作成功', 'data': None} 
[2021-02-23 15:42:17] [INFO] >> Requests_util.py >> 第10行  - 请求参：[https://bot.91bihu.comcarbusiness/api/v1/CustomerDetail/Detial{'buid': 601069635}{}] 
[2021-02-23 15:42:17] [ERROR] >> Requests_util.py >> 第26行  - request方法执行异常,url：HTTPSConnectionPool(host='bot.91bihu.comcarbusiness', port=443): Max retries exceeded with url: /api/v1/CustomerDetail/Detial?buid=601069635 (Caused by NewConnectionError('<urllib3.connection.HTTPSConnection object at 0x000002D3CC7FDDC8>: Failed to establish a new connection: [Errno 11001] getaddrinfo failed')) 
[2021-02-23 15:42:44] [INFO] >> CustomerList.py >> 第660行  - 校验类别是否修改成功：request方法执行异常：HTTPSConnectionPool(host='bot.91bihu.comcarbusiness', port=443): Max retries exceeded with url: /api/v1/CustomerDetail/Detial?buid=601069635 (Caused by NewConnectionError('<urllib3.connection.HTTPSConnection object at 0x000002D3CC7FDDC8>: Failed to establish a new connection: [Errno 11001] getaddrinfo failed')) 
[2021-02-23 15:42:48] [ERROR] >> CustomerList.py >> 第670行  - modify_category方法执行异常：string indices must be integers 
[2021-02-23 15:46:33] [INFO] >> CustomerList.py >> 第647行  - 执行modify_category方法 
[2021-02-23 15:46:36] [INFO] >> Requests_util.py >> 第10行  - 请求参：[https://bot.91bihu.com/carbusiness/api/v1/customer/modifyCustomer{'pageIndex': 1, 'pageSize': 15, 'buids': [601069635], 'selectType': 1, 'topLabel': 'tab_quanbukehu', 'orderBy': {'orderByField': 'updateTime', 'orderByType': 'desc'}, 'isFllowUp': '', 'isDataLable': '', 'dataTag': '', 'dataTypeId': 0, 'lastMaintainDayRange': '', 'isMaintain': 1, 'modifyCategoryinfoId': 100034}{}] 
[2021-02-23 15:46:37] [INFO] >> CustomerList.py >> 第656行  - 客户类别修改成功：{'code': 1, 'message': '操作成功', 'data': None} 
[2021-02-23 15:46:42] [INFO] >> Requests_util.py >> 第10行  - 请求参：[https://bot.91bihu.comcarbusiness/api/v1/CustomerDetail/Detial?buid=601069635None{}] 
[2021-02-23 15:46:42] [ERROR] >> Requests_util.py >> 第26行  - request方法执行异常,url：HTTPSConnectionPool(host='bot.91bihu.comcarbusiness', port=443): Max retries exceeded with url: /api/v1/CustomerDetail/Detial?buid=601069635 (Caused by NewConnectionError('<urllib3.connection.HTTPSConnection object at 0x000002D9CBF97D48>: Failed to establish a new connection: [Errno 11001] getaddrinfo failed')) 
[2021-02-23 15:47:41] [INFO] >> CustomerList.py >> 第647行  - 执行modify_category方法 
[2021-02-23 15:47:41] [INFO] >> Requests_util.py >> 第10行  - 请求参：[https://bot.91bihu.com/carbusiness/api/v1/customer/modifyCustomer{'pageIndex': 1, 'pageSize': 15, 'buids': [601069635], 'selectType': 1, 'topLabel': 'tab_quanbukehu', 'orderBy': {'orderByField': 'updateTime', 'orderByType': 'desc'}, 'isFllowUp': '', 'isDataLable': '', 'dataTag': '', 'dataTypeId': 0, 'lastMaintainDayRange': '', 'isMaintain': 1, 'modifyCategoryinfoId': 100034}{}] 
[2021-02-23 15:47:51] [INFO] >> CustomerList.py >> 第656行  - 客户类别修改成功：{'code': 1, 'message': '操作成功', 'data': None} 
[2021-02-23 15:47:55] [INFO] >> Requests_util.py >> 第10行  - 请求参：[https://bot.91bihu.comcarbusiness/api/v1/CustomerDetail/Detial?buid=601069635None{}] 
[2021-02-23 15:55:37] [INFO] >> CustomerList.py >> 第647行  - 执行modify_category方法 
[2021-02-23 15:55:37] [INFO] >> Requests_util.py >> 第10行  - 请求参：[https://bot.91bihu.com/carbusiness/api/v1/customer/modifyCustomer{'pageIndex': 1, 'pageSize': 15, 'buids': [601069635], 'selectType': 1, 'topLabel': 'tab_quanbukehu', 'orderBy': {'orderByField': 'updateTime', 'orderByType': 'desc'}, 'isFllowUp': '', 'isDataLable': '', 'dataTag': '', 'dataTypeId': 0, 'lastMaintainDayRange': '', 'isMaintain': 1, 'modifyCategoryinfoId': 100034}{}] 
[2021-02-23 15:55:45] [INFO] >> CustomerList.py >> 第656行  - 客户类别修改成功：{'code': 1, 'message': '操作成功', 'data': None} 
[2021-02-23 15:55:53] [INFO] >> Requests_util.py >> 第10行  - 请求参：[https://bot.91bihu.comcarbusiness/api/v1/CustomerDetail/Detial{'buid': '601069635'}{}] 
[2021-02-23 15:58:21] [INFO] >> CustomerList.py >> 第647行  - 执行modify_category方法 
[2021-02-23 15:58:21] [INFO] >> Requests_util.py >> 第10行  - 请求参：[https://bot.91bihu.com/carbusiness/api/v1/customer/modifyCustomer{'pageIndex': 1, 'pageSize': 15, 'buids': [601069635], 'selectType': 1, 'topLabel': 'tab_quanbukehu', 'orderBy': {'orderByField': 'updateTime', 'orderByType': 'desc'}, 'isFllowUp': '', 'isDataLable': '', 'dataTag': '', 'dataTypeId': 0, 'lastMaintainDayRange': '', 'isMaintain': 1, 'modifyCategoryinfoId': 100034}{}] 
[2021-02-23 15:58:28] [INFO] >> CustomerList.py >> 第656行  - 客户类别修改成功：{'code': 1, 'message': '操作成功', 'data': None} 
[2021-02-23 15:58:34] [INFO] >> Requests_util.py >> 第10行  - 请求参：[https://bot.91bihu.comcarbusiness/api/v1/CustomerDetail/Detial{'buid': '601069635'}{}] 
